[2025-04-15T06:35:34.817Z] [INFO] Server is running on port 8080 
[2025-04-15T06:35:35.293Z] [INFO] MongoDB connected successfully 
[2025-04-15T06:35:39.114Z] [INFO] Requested daily challenge: /dates 
[2025-04-15T06:35:39.170Z] [INFO] Requested daily challenge: /dates 
[2025-04-15T06:36:41.026Z] [INFO] Requested daily challenge: /dates 
[2025-04-15T06:36:41.073Z] [INFO] Requested daily challenge: /dates 
[2025-04-15T06:36:41.083Z] [INFO] Requested daily challenge: /date/2025-04-15 
[2025-04-15T06:36:41.372Z] [INFO] Requested daily challenge: /date/2025-04-15 
[2025-04-15T06:36:41.407Z] [INFO] Requested daily challenge: /date/2025-04-15 
[2025-04-15T06:36:41.437Z] [INFO] Requested daily challenge: /date/2025-04-15 
[2025-04-15T06:36:49.493Z] [INFO] Requested daily challenge: /dates 
[2025-04-15T06:36:49.524Z] [INFO] Requested daily challenge: /dates 
[2025-04-15T06:36:49.529Z] [INFO] Requested daily challenge: /date/2025-04-15 
[2025-04-15T06:36:49.562Z] [INFO] Requested daily challenge: /date/2025-04-15 
[2025-04-15T06:36:49.598Z] [INFO] Requested daily challenge: /date/2025-04-15 
[2025-04-15T06:36:49.627Z] [INFO] Requested daily challenge: /date/2025-04-15 
[2025-04-15T06:36:53.188Z] [INFO] Requested daily challenge: /dates 
[2025-04-15T06:36:53.217Z] [INFO] Requested daily challenge: /dates 
[2025-04-15T06:36:53.220Z] [INFO] Requested daily challenge: /date/2025-04-15 
[2025-04-15T06:36:53.250Z] [INFO] Requested daily challenge: /date/2025-04-15 
[2025-04-15T06:36:53.283Z] [INFO] Requested daily challenge: /date/2025-04-15 
[2025-04-15T06:36:53.314Z] [INFO] Requested daily challenge: /date/2025-04-15 
[2025-04-15T06:36:57.510Z] [INFO] Requested daily challenge: /dates 
[2025-04-15T06:36:57.537Z] [INFO] Requested daily challenge: /dates 
[2025-04-15T06:36:57.541Z] [INFO] Requested daily challenge: /date/2025-04-15 
[2025-04-15T06:36:57.571Z] [INFO] Requested daily challenge: /date/2025-04-15 
[2025-04-15T06:36:57.599Z] [INFO] Requested daily challenge: /date/2025-04-15 
[2025-04-15T06:36:57.630Z] [INFO] Requested daily challenge: /date/2025-04-15 
[2025-04-15T06:37:03.293Z] [INFO] Requested daily challenge: /submit 
[2025-04-15T06:37:05.383Z] [INFO] Requested daily challenge: /dates 
[2025-04-15T06:37:05.414Z] [INFO] Requested daily challenge: /dates 
[2025-04-15T06:37:05.417Z] [INFO] Requested daily challenge: /date/2025-04-15 
[2025-04-15T06:37:05.448Z] [INFO] Requested daily challenge: /date/2025-04-15 
[2025-04-15T06:37:05.478Z] [INFO] Requested daily challenge: /date/2025-04-15 
[2025-04-15T06:37:05.509Z] [INFO] Requested daily challenge: /date/2025-04-15 
[2025-04-15T06:37:08.646Z] [INFO] Requested daily challenge: /submit 
[2025-04-15T06:37:10.007Z] [INFO] Requested daily challenge: /dates 
[2025-04-15T06:37:10.045Z] [INFO] Requested daily challenge: /dates 
[2025-04-15T06:37:10.047Z] [INFO] Requested daily challenge: /date/2025-04-15 
[2025-04-15T06:37:10.079Z] [INFO] Requested daily challenge: /date/2025-04-15 
[2025-04-15T06:37:10.110Z] [INFO] Requested daily challenge: /date/2025-04-15 
[2025-04-15T06:37:10.140Z] [INFO] Requested daily challenge: /date/2025-04-15 
