[2025-04-25T20:10:07.557Z] [INFO] Requested daily challenge: /dates 
[2025-04-25T20:10:07.641Z] [INFO] Requested daily challenge: /date/2025-04-23 
[2025-04-25T20:10:07.886Z] [INFO] Requested daily challenge: /date/2025-04-23 
[2025-04-25T20:10:07.929Z] [INFO] Requested daily challenge: /stats?date=2025-04-23 
[2025-04-25T20:10:08.113Z] [INFO] Requested daily challenge: /date/2025-04-23 
[2025-04-25T20:10:08.336Z] [INFO] Requested daily challenge: /date/2025-04-23 
[2025-04-25T20:10:17.136Z] [INFO] Requested daily challenge: /dates 
[2025-04-25T20:10:17.218Z] [INFO] Requested daily challenge: /dates 
[2025-04-25T20:10:17.279Z] [INFO] Requested daily challenge: /date/2025-04-23 
[2025-04-25T20:10:17.508Z] [INFO] Requested daily challenge: /date/2025-04-23 
[2025-04-25T20:10:17.721Z] [INFO] Requested daily challenge: /date/2025-04-23 
[2025-04-25T20:10:17.932Z] [INFO] Requested daily challenge: /date/2025-04-23 
[2025-04-25T20:10:33.354Z] [INFO] Requested daily challenge: /dates 
[2025-04-25T20:10:33.446Z] [INFO] Requested daily challenge: /dates 
[2025-04-25T20:10:33.496Z] [INFO] Requested daily challenge: /date/2025-04-23 
[2025-04-25T20:10:33.733Z] [INFO] Requested daily challenge: /date/2025-04-23 
[2025-04-25T20:10:33.956Z] [INFO] Requested daily challenge: /date/2025-04-23 
[2025-04-25T20:10:34.168Z] [INFO] Requested daily challenge: /date/2025-04-23 
[2025-04-25T20:10:38.287Z] [INFO] Requested daily challenge: /stats?date=2025-04-23 
[2025-04-25T20:10:39.520Z] [INFO] Requested daily challenge: /dates 
[2025-04-25T20:10:39.557Z] [INFO] Requested daily challenge: /dates 
[2025-04-25T20:10:39.602Z] [INFO] Requested daily challenge: /date/2025-04-23 
[2025-04-25T20:10:39.832Z] [INFO] Requested daily challenge: /date/2025-04-23 
[2025-04-25T20:10:39.862Z] [INFO] Requested daily challenge: /stats?date=2025-04-23 
[2025-04-25T20:10:40.058Z] [INFO] Requested daily challenge: /date/2025-04-23 
[2025-04-25T20:10:40.275Z] [INFO] Requested daily challenge: /date/2025-04-23 
[2025-04-25T20:11:21.358Z] [INFO] Requested daily challenge: /dates 
[2025-04-25T20:11:21.413Z] [INFO] Requested daily challenge: /dates 
[2025-04-25T20:11:22.619Z] [INFO] Requested daily challenge: /dates 
[2025-04-25T20:11:22.674Z] [INFO] Requested daily challenge: /date/2025-04-16 
[2025-04-25T20:11:22.906Z] [INFO] Requested daily challenge: /date/2025-04-16 
[2025-04-25T20:11:23.113Z] [INFO] Requested daily challenge: /date/2025-04-16 
[2025-04-25T20:11:23.322Z] [INFO] Requested daily challenge: /date/2025-04-16 
[2025-04-25T20:11:24.957Z] [INFO] Requested daily challenge: /dates 
[2025-04-25T20:11:24.999Z] [INFO] Requested daily challenge: /dates 
[2025-04-25T20:11:25.812Z] [INFO] Requested daily challenge: /dates 
[2025-04-25T20:11:25.875Z] [INFO] Requested daily challenge: /date/2025-04-23 
[2025-04-25T20:11:26.112Z] [INFO] Requested daily challenge: /date/2025-04-23 
[2025-04-25T20:11:26.127Z] [INFO] Requested daily challenge: /stats?date=2025-04-23 
[2025-04-25T20:11:26.317Z] [INFO] Requested daily challenge: /date/2025-04-23 
[2025-04-25T20:11:26.524Z] [INFO] Requested daily challenge: /date/2025-04-23 
[2025-04-25T20:14:50.897Z] [INFO] Server is running on port 8080 
[2025-04-25T20:14:51.515Z] [INFO] MongoDB connected successfully 
[2025-04-25T20:15:25.976Z] [INFO] Requested daily challenge: /dates 
[2025-04-25T20:15:26.073Z] [INFO] Requested daily challenge: /dates 
[2025-04-25T20:15:26.123Z] [INFO] Requested daily challenge: /date/2025-04-23 
[2025-04-25T20:15:26.383Z] [INFO] Requested daily challenge: /date/2025-04-23 
[2025-04-25T20:15:26.410Z] [INFO] Requested daily challenge: /stats?date=2025-04-23 
[2025-04-25T20:15:26.596Z] [INFO] Requested daily challenge: /date/2025-04-23 
[2025-04-25T20:15:26.817Z] [INFO] Requested daily challenge: /date/2025-04-23 
[2025-04-25T20:15:39.929Z] [INFO] Requested daily challenge: /dates 
[2025-04-25T20:15:39.984Z] [INFO] Requested daily challenge: /dates 
[2025-04-25T20:15:40.041Z] [INFO] Requested daily challenge: /date/2025-04-23 
[2025-04-25T20:15:40.291Z] [INFO] Requested daily challenge: /date/2025-04-23 
[2025-04-25T20:15:40.506Z] [INFO] Requested daily challenge: /date/2025-04-23 
[2025-04-25T20:15:40.720Z] [INFO] Requested daily challenge: /date/2025-04-23 
[2025-04-25T20:15:48.522Z] [INFO] Requested daily challenge: /stats?date=2025-04-23 
[2025-04-25T20:15:49.821Z] [INFO] Requested daily challenge: /dates 
[2025-04-25T20:15:49.865Z] [INFO] Requested daily challenge: /dates 
[2025-04-25T20:15:49.912Z] [INFO] Requested daily challenge: /date/2025-04-23 
[2025-04-25T20:15:50.151Z] [INFO] Requested daily challenge: /date/2025-04-23 
[2025-04-25T20:15:50.177Z] [INFO] Requested daily challenge: /stats?date=2025-04-23 
[2025-04-25T20:15:50.370Z] [INFO] Requested daily challenge: /date/2025-04-23 
[2025-04-25T20:15:50.593Z] [INFO] Requested daily challenge: /date/2025-04-23 
[2025-04-25T20:18:04.455Z] [INFO] Requested daily challenge: /dates 
[2025-04-25T20:18:04.525Z] [INFO] Requested daily challenge: /dates 
[2025-04-25T20:18:04.577Z] [INFO] Requested daily challenge: /date/2025-04-23 
[2025-04-25T20:18:04.815Z] [INFO] Requested daily challenge: /date/2025-04-23 
[2025-04-25T20:18:04.843Z] [INFO] Requested daily challenge: /stats?date=2025-04-23 
[2025-04-25T20:18:05.025Z] [INFO] Requested daily challenge: /date/2025-04-23 
[2025-04-25T20:18:05.236Z] [INFO] Requested daily challenge: /date/2025-04-23 
[2025-04-25T20:18:08.981Z] [INFO] Requested daily challenge: /dates 
[2025-04-25T20:18:09.025Z] [INFO] Requested daily challenge: /dates 
[2025-04-25T20:18:09.073Z] [INFO] Requested daily challenge: /date/2025-04-23 
[2025-04-25T20:18:09.316Z] [INFO] Requested daily challenge: /date/2025-04-23 
[2025-04-25T20:18:09.522Z] [INFO] Requested daily challenge: /date/2025-04-23 
[2025-04-25T20:18:09.732Z] [INFO] Requested daily challenge: /date/2025-04-23 
[2025-04-25T20:18:17.175Z] [INFO] Requested daily challenge: /stats?date=2025-04-23 
[2025-04-25T20:18:37.458Z] [INFO] Requested daily challenge: /dates 
[2025-04-25T20:18:37.540Z] [INFO] Requested daily challenge: /dates 
[2025-04-25T20:18:37.590Z] [INFO] Requested daily challenge: /date/2025-04-23 
[2025-04-25T20:18:37.826Z] [INFO] Requested daily challenge: /date/2025-04-23 
[2025-04-25T20:18:38.038Z] [INFO] Requested daily challenge: /date/2025-04-23 
[2025-04-25T20:18:38.250Z] [INFO] Requested daily challenge: /date/2025-04-23 
[2025-04-25T20:18:50.828Z] [INFO] Requested daily challenge: /dates 
[2025-04-25T20:18:50.946Z] [INFO] Requested daily challenge: /dates 
[2025-04-25T20:18:50.993Z] [INFO] Requested daily challenge: /date/2025-04-23 
[2025-04-25T20:18:51.241Z] [INFO] Requested daily challenge: /date/2025-04-23 
[2025-04-25T20:18:51.455Z] [INFO] Requested daily challenge: /date/2025-04-23 
[2025-04-25T20:18:51.667Z] [INFO] Requested daily challenge: /date/2025-04-23 
[2025-04-25T20:24:46.701Z] [INFO] Requested daily challenge: /dates 
[2025-04-25T20:24:46.814Z] [INFO] Requested daily challenge: /dates 
[2025-04-25T20:24:46.866Z] [INFO] Requested daily challenge: /date/2025-04-23 
[2025-04-25T20:24:47.110Z] [INFO] Requested daily challenge: /date/2025-04-23 
[2025-04-25T20:24:47.321Z] [INFO] Requested daily challenge: /date/2025-04-23 
[2025-04-25T20:24:47.531Z] [INFO] Requested daily challenge: /date/2025-04-23 
[2025-04-25T20:24:49.697Z] [INFO] Requested daily challenge: /dates 
[2025-04-25T20:24:49.757Z] [INFO] Requested daily challenge: /dates 
[2025-04-25T20:24:49.807Z] [INFO] Requested daily challenge: /date/2025-04-23 
[2025-04-25T20:24:50.042Z] [INFO] Requested daily challenge: /date/2025-04-23 
[2025-04-25T20:24:50.262Z] [INFO] Requested daily challenge: /date/2025-04-23 
[2025-04-25T20:24:50.475Z] [INFO] Requested daily challenge: /date/2025-04-23 
[2025-04-25T20:24:59.226Z] [INFO] Requested daily challenge: /stats?date=2025-04-23 
[2025-04-25T20:25:04.287Z] [INFO] Requested daily challenge: /dates 
[2025-04-25T20:25:04.332Z] [INFO] Requested daily challenge: /dates 
[2025-04-25T20:25:04.380Z] [INFO] Requested daily challenge: /date/2025-04-23 
[2025-04-25T20:25:04.617Z] [INFO] Requested daily challenge: /date/2025-04-23 
[2025-04-25T20:25:04.829Z] [INFO] Requested daily challenge: /date/2025-04-23 
[2025-04-25T20:25:05.044Z] [INFO] Requested daily challenge: /date/2025-04-23 
[2025-04-25T20:27:44.157Z] [INFO] Requested daily challenge: /dates 
[2025-04-25T20:27:44.240Z] [INFO] Requested daily challenge: /dates 
[2025-04-25T20:27:45.968Z] [INFO] Requested daily challenge: /dates 
[2025-04-25T20:27:46.049Z] [INFO] Requested daily challenge: /dates 
[2025-04-25T20:29:22.851Z] [INFO] Requested daily challenge: /dates 
[2025-04-25T20:29:22.938Z] [INFO] Requested daily challenge: /dates 
[2025-04-25T20:29:22.998Z] [INFO] Requested daily challenge: /date/2025-04-23 
[2025-04-25T20:29:23.247Z] [INFO] Requested daily challenge: /date/2025-04-23 
[2025-04-25T20:29:23.461Z] [INFO] Requested daily challenge: /date/2025-04-23 
[2025-04-25T20:29:23.669Z] [INFO] Requested daily challenge: /date/2025-04-23 
[2025-04-25T20:29:32.527Z] [INFO] Requested daily challenge: /stats?date=2025-04-23 
[2025-04-25T20:29:34.306Z] [INFO] Requested daily challenge: /dates 
[2025-04-25T20:29:34.373Z] [INFO] Requested daily challenge: /dates 
[2025-04-25T20:29:34.422Z] [INFO] Requested daily challenge: /date/2025-04-23 
[2025-04-25T20:29:34.657Z] [INFO] Requested daily challenge: /date/2025-04-23 
[2025-04-25T20:29:34.670Z] [INFO] Requested daily challenge: /stats?date=2025-04-23 
[2025-04-25T20:29:34.865Z] [INFO] Requested daily challenge: /date/2025-04-23 
[2025-04-25T20:29:35.085Z] [INFO] Requested daily challenge: /date/2025-04-23 
[2025-04-25T20:30:27.985Z] [INFO] Requested daily challenge: /dates 
[2025-04-25T20:30:28.070Z] [INFO] Requested daily challenge: /dates 
[2025-04-25T20:30:28.135Z] [INFO] Requested daily challenge: /date/2025-04-23 
[2025-04-25T20:30:28.371Z] [INFO] Requested daily challenge: /date/2025-04-23 
[2025-04-25T20:30:28.506Z] [INFO] Requested daily challenge: /stats?date=2025-04-23 
[2025-04-25T20:30:28.579Z] [INFO] Requested daily challenge: /date/2025-04-23 
[2025-04-25T20:30:28.790Z] [INFO] Requested daily challenge: /date/2025-04-23 
[2025-04-25T20:30:29.772Z] [INFO] Requested daily challenge: /dates 
[2025-04-25T20:30:29.863Z] [INFO] Requested daily challenge: /dates 
[2025-04-25T20:30:29.910Z] [INFO] Requested daily challenge: /date/2025-04-23 
[2025-04-25T20:30:30.157Z] [INFO] Requested daily challenge: /date/2025-04-23 
[2025-04-25T20:30:30.180Z] [INFO] Requested daily challenge: /stats?date=2025-04-23 
[2025-04-25T20:30:30.373Z] [INFO] Requested daily challenge: /date/2025-04-23 
[2025-04-25T20:30:30.597Z] [INFO] Requested daily challenge: /date/2025-04-23 
[2025-04-25T20:30:34.901Z] [INFO] Requested daily challenge: /dates 
[2025-04-25T20:30:34.988Z] [INFO] Requested daily challenge: /dates 
[2025-04-25T20:30:35.037Z] [INFO] Requested daily challenge: /date/2025-04-23 
[2025-04-25T20:30:35.301Z] [INFO] Requested daily challenge: /date/2025-04-23 
[2025-04-25T20:30:35.512Z] [INFO] Requested daily challenge: /date/2025-04-23 
[2025-04-25T20:30:35.722Z] [INFO] Requested daily challenge: /date/2025-04-23 
[2025-04-25T20:30:44.314Z] [INFO] Requested daily challenge: /stats?date=2025-04-23 
[2025-04-25T20:30:45.985Z] [INFO] Requested daily challenge: /dates 
[2025-04-25T20:30:46.030Z] [INFO] Requested daily challenge: /dates 
[2025-04-25T20:30:46.079Z] [INFO] Requested daily challenge: /date/2025-04-23 
[2025-04-25T20:30:46.317Z] [INFO] Requested daily challenge: /date/2025-04-23 
[2025-04-25T20:30:46.342Z] [INFO] Requested daily challenge: /stats?date=2025-04-23 
[2025-04-25T20:30:46.530Z] [INFO] Requested daily challenge: /date/2025-04-23 
[2025-04-25T20:30:46.755Z] [INFO] Requested daily challenge: /date/2025-04-23 
[2025-04-25T20:31:06.370Z] [INFO] Requested daily challenge: /dates 
[2025-04-25T20:31:06.427Z] [INFO] Requested daily challenge: /dates 
[2025-04-25T20:31:06.487Z] [INFO] Requested daily challenge: /date/2025-04-23 
[2025-04-25T20:31:06.728Z] [INFO] Requested daily challenge: /date/2025-04-23 
[2025-04-25T20:31:06.753Z] [INFO] Requested daily challenge: /stats?date=2025-04-23 
[2025-04-25T20:31:06.945Z] [INFO] Requested daily challenge: /date/2025-04-23 
[2025-04-25T20:31:07.158Z] [INFO] Requested daily challenge: /date/2025-04-23 
[2025-04-25T20:32:12.421Z] [INFO] Server is running on port 8080 
[2025-04-25T20:32:12.968Z] [INFO] MongoDB connected successfully 
[2025-04-25T20:32:21.090Z] [INFO] Requested daily challenge: /dates 
[2025-04-25T20:32:21.184Z] [INFO] Requested daily challenge: /dates 
[2025-04-25T20:32:21.234Z] [INFO] Requested daily challenge: /date/2025-04-23 
[2025-04-25T20:32:21.475Z] [INFO] Requested daily challenge: /date/2025-04-23 
[2025-04-25T20:32:21.492Z] [INFO] Requested daily challenge: /stats?date=2025-04-23 
[2025-04-25T20:32:21.685Z] [INFO] Requested daily challenge: /date/2025-04-23 
[2025-04-25T20:32:21.929Z] [INFO] Requested daily challenge: /date/2025-04-23 
[2025-04-25T20:33:40.042Z] [INFO] Server is running on port 8080 
[2025-04-25T20:33:40.669Z] [INFO] MongoDB connected successfully 
[2025-04-25T20:33:54.409Z] [INFO] Requested daily challenge: /dates 
[2025-04-25T20:33:54.480Z] [INFO] Requested daily challenge: /dates 
[2025-04-25T20:33:54.545Z] [INFO] Requested daily challenge: /date/2025-04-23 
[2025-04-25T20:33:54.806Z] [INFO] Requested daily challenge: /date/2025-04-23 
[2025-04-25T20:33:54.821Z] [INFO] Requested daily challenge: /stats?date=2025-04-23 
[2025-04-25T20:33:55.020Z] [INFO] Requested daily challenge: /date/2025-04-23 
[2025-04-25T20:33:55.236Z] [INFO] Requested daily challenge: /date/2025-04-23 
[2025-04-25T20:34:20.730Z] [INFO] Requested daily challenge: /dates 
[2025-04-25T20:34:20.835Z] [INFO] Requested daily challenge: /dates 
[2025-04-25T20:34:20.972Z] [INFO] Requested daily challenge: /date/2025-04-23 
[2025-04-25T20:34:21.215Z] [INFO] Requested daily challenge: /date/2025-04-23 
[2025-04-25T20:34:21.275Z] [INFO] Requested daily challenge: /stats?date=2025-04-23 
[2025-04-25T20:34:21.437Z] [INFO] Requested daily challenge: /date/2025-04-23 
[2025-04-25T20:34:21.657Z] [INFO] Requested daily challenge: /date/2025-04-23 
[2025-04-25T20:34:54.181Z] [INFO] Server is running on port 8080 
[2025-04-25T20:34:54.586Z] [INFO] MongoDB connected successfully 
[2025-04-25T20:35:24.038Z] [INFO] Requested daily challenge: /dates 
[2025-04-25T20:35:24.123Z] [INFO] Requested daily challenge: /dates 
[2025-04-25T20:35:24.187Z] [INFO] Requested daily challenge: /date/2025-04-23 
[2025-04-25T20:35:24.446Z] [INFO] Requested daily challenge: /date/2025-04-23 
[2025-04-25T20:35:24.473Z] [INFO] Requested daily challenge: /stats?date=2025-04-23 
[2025-04-25T20:35:24.657Z] [INFO] Requested daily challenge: /date/2025-04-23 
[2025-04-25T20:35:24.881Z] [INFO] Requested daily challenge: /date/2025-04-23 
[2025-04-25T20:42:03.275Z] [INFO] Server is running on port 8080 
[2025-04-25T20:42:03.603Z] [INFO] Requested daily challenge: /dates 
[2025-04-25T20:42:03.956Z] [INFO] MongoDB connected successfully 
[2025-04-25T20:42:04.016Z] [INFO] Requested daily challenge: /dates 
[2025-04-25T20:42:04.073Z] [INFO] Requested daily challenge: /date/2025-04-23 
[2025-04-25T20:42:04.326Z] [INFO] Requested daily challenge: /date/2025-04-23 
[2025-04-25T20:42:04.348Z] [INFO] Requested daily challenge: /stats?date=2025-04-23 
[2025-04-25T20:42:04.542Z] [INFO] Requested daily challenge: /date/2025-04-23 
[2025-04-25T20:42:04.760Z] [INFO] Requested daily challenge: /date/2025-04-23 
[2025-04-25T20:42:06.026Z] [INFO] Requested daily challenge: /dates 
[2025-04-25T20:42:06.070Z] [INFO] Requested daily challenge: /dates 
[2025-04-25T20:42:06.118Z] [INFO] Requested daily challenge: /date/2025-04-23 
[2025-04-25T20:42:06.362Z] [INFO] Requested daily challenge: /date/2025-04-23 
[2025-04-25T20:42:06.376Z] [INFO] Requested daily challenge: /stats?date=2025-04-23 
[2025-04-25T20:42:06.573Z] [INFO] Requested daily challenge: /date/2025-04-23 
[2025-04-25T20:42:06.789Z] [INFO] Requested daily challenge: /date/2025-04-23 
[2025-04-25T20:42:08.743Z] [INFO] Requested daily challenge: /dates 
[2025-04-25T20:42:08.791Z] [INFO] Requested daily challenge: /dates 
[2025-04-25T20:42:08.837Z] [INFO] Requested daily challenge: /date/2025-04-23 
[2025-04-25T20:42:09.075Z] [INFO] Requested daily challenge: /date/2025-04-23 
[2025-04-25T20:42:09.099Z] [INFO] Requested daily challenge: /stats?date=2025-04-23 
[2025-04-25T20:42:09.289Z] [INFO] Requested daily challenge: /date/2025-04-23 
[2025-04-25T20:42:09.502Z] [INFO] Requested daily challenge: /date/2025-04-23 
[2025-04-25T20:50:12.015Z] [INFO] Requested daily challenge: /dates 
[2025-04-25T20:50:12.080Z] [INFO] Requested daily challenge: /dates 
[2025-04-25T20:50:12.129Z] [INFO] Requested daily challenge: /date/2025-04-23 
[2025-04-25T20:50:12.382Z] [INFO] Requested daily challenge: /date/2025-04-23 
[2025-04-25T20:50:12.416Z] [INFO] Requested daily challenge: /stats?date=2025-04-23 
[2025-04-25T20:50:12.601Z] [INFO] Requested daily challenge: /date/2025-04-23 
[2025-04-25T20:50:12.826Z] [INFO] Requested daily challenge: /date/2025-04-23 
[2025-04-25T20:50:15.332Z] [INFO] Requested daily challenge: /dates 
[2025-04-25T20:50:15.403Z] [INFO] Requested daily challenge: /dates 
[2025-04-25T20:50:15.510Z] [INFO] Requested daily challenge: /date/2025-04-23 
[2025-04-25T20:50:15.762Z] [INFO] Requested daily challenge: /date/2025-04-23 
[2025-04-25T20:50:15.972Z] [INFO] Requested daily challenge: /date/2025-04-23 
[2025-04-25T20:50:16.182Z] [INFO] Requested daily challenge: /date/2025-04-23 
[2025-04-25T20:50:24.032Z] [INFO] Requested daily challenge: /stats?date=2025-04-23 
[2025-04-25T20:50:30.167Z] [INFO] Requested daily challenge: /dates 
[2025-04-25T20:50:30.223Z] [INFO] Requested daily challenge: /dates 
[2025-04-25T20:50:30.272Z] [INFO] Requested daily challenge: /date/2025-04-23 
[2025-04-25T20:50:30.540Z] [INFO] Requested daily challenge: /date/2025-04-23 
[2025-04-25T20:50:30.559Z] [INFO] Requested daily challenge: /stats?date=2025-04-23 
[2025-04-25T20:50:30.749Z] [INFO] Requested daily challenge: /date/2025-04-23 
[2025-04-25T20:50:30.962Z] [INFO] Requested daily challenge: /date/2025-04-23 
[2025-04-25T20:50:37.378Z] [INFO] Requested daily challenge: /dates 
[2025-04-25T20:50:37.430Z] [INFO] Requested daily challenge: /dates 
[2025-04-25T20:50:38.822Z] [INFO] Requested daily challenge: /dates 
[2025-04-25T20:50:38.871Z] [INFO] Requested daily challenge: /dates 
[2025-04-25T20:50:39.884Z] [INFO] Requested daily challenge: /dates 
[2025-04-25T20:50:39.939Z] [INFO] Requested daily challenge: /date/2025-04-22 
[2025-04-25T20:50:40.193Z] [INFO] Requested daily challenge: /date/2025-04-22 
[2025-04-25T20:50:40.404Z] [INFO] Requested daily challenge: /date/2025-04-22 
[2025-04-25T20:50:40.619Z] [INFO] Requested daily challenge: /date/2025-04-22 
[2025-04-25T20:54:23.023Z] [INFO] Requested daily challenge: /dates 
[2025-04-25T20:54:23.107Z] [INFO] Requested daily challenge: /dates 
[2025-04-25T20:54:26.707Z] [INFO] Requested daily challenge: /dates 
[2025-04-25T20:54:26.757Z] [INFO] Requested daily challenge: /dates 
[2025-04-25T20:56:06.019Z] [INFO] Requested daily challenge: /dates 
[2025-04-25T20:56:06.092Z] [INFO] Requested daily challenge: /dates 
[2025-04-25T20:56:06.144Z] [INFO] Requested daily challenge: /date/2025-04-22 
[2025-04-25T20:56:06.407Z] [INFO] Requested daily challenge: /date/2025-04-22 
[2025-04-25T20:56:06.640Z] [INFO] Requested daily challenge: /date/2025-04-22 
[2025-04-25T20:56:06.858Z] [INFO] Requested daily challenge: /date/2025-04-22 
[2025-04-25T20:56:16.560Z] [INFO] Requested daily challenge: /stats?date=2025-04-22 
[2025-04-25T20:56:18.087Z] [INFO] Requested daily challenge: /dates 
[2025-04-25T20:56:18.149Z] [INFO] Requested daily challenge: /dates 
[2025-04-25T20:56:18.198Z] [INFO] Requested daily challenge: /date/2025-04-22 
[2025-04-25T20:56:18.458Z] [INFO] Requested daily challenge: /date/2025-04-22 
[2025-04-25T20:56:18.483Z] [INFO] Requested daily challenge: /stats?date=2025-04-22 
[2025-04-25T20:56:18.674Z] [INFO] Requested daily challenge: /date/2025-04-22 
[2025-04-25T20:56:18.896Z] [INFO] Requested daily challenge: /date/2025-04-22 
[2025-04-25T20:56:20.178Z] [INFO] Requested daily challenge: /dates 
[2025-04-25T20:56:20.221Z] [INFO] Requested daily challenge: /dates 
[2025-04-25T20:56:20.266Z] [INFO] Requested daily challenge: /date/2025-04-22 
[2025-04-25T20:56:20.503Z] [INFO] Requested daily challenge: /date/2025-04-22 
[2025-04-25T20:56:20.517Z] [INFO] Requested daily challenge: /stats?date=2025-04-22 
[2025-04-25T20:56:20.710Z] [INFO] Requested daily challenge: /date/2025-04-22 
[2025-04-25T20:56:20.920Z] [INFO] Requested daily challenge: /date/2025-04-22 
[2025-04-25T22:38:06.464Z] [INFO] Server is running on port 8080 
[2025-04-25T22:38:07.012Z] [INFO] MongoDB connected successfully 
[2025-04-25T22:38:20.072Z] [INFO] Requested daily challenge: /dates 
[2025-04-25T22:38:20.155Z] [INFO] Requested daily challenge: /dates 
[2025-04-25T22:38:20.217Z] [INFO] Requested daily challenge: /date/2025-03-15 
[2025-04-25T22:38:20.352Z] [INFO] Requested daily challenge: /date/2025-03-15 
[2025-04-25T22:38:20.477Z] [INFO] Requested daily challenge: /date/2025-03-15 
[2025-04-25T22:38:20.588Z] [INFO] Requested daily challenge: /date/2025-03-15 
[2025-04-25T22:38:30.013Z] [INFO] Requested daily challenge: /dates 
[2025-04-25T22:38:30.072Z] [INFO] Requested daily challenge: /dates 
[2025-04-25T22:38:30.118Z] [INFO] Requested daily challenge: /date/2025-04-23 
[2025-04-25T22:38:30.369Z] [INFO] Requested daily challenge: /date/2025-04-23 
[2025-04-25T22:38:30.585Z] [INFO] Requested daily challenge: /date/2025-04-23 
[2025-04-25T22:38:30.859Z] [INFO] Requested daily challenge: /dates 
[2025-04-25T22:38:30.900Z] [INFO] Requested daily challenge: /dates 
[2025-04-25T22:38:30.944Z] [INFO] Requested daily challenge: /date/2025-04-25 
[2025-04-25T22:38:31.167Z] [INFO] Requested daily challenge: /date/2025-04-25 
[2025-04-25T22:38:31.385Z] [INFO] Requested daily challenge: /date/2025-04-25 
[2025-04-25T22:38:31.600Z] [INFO] Requested daily challenge: /date/2025-04-25 
[2025-04-25T22:38:32.727Z] [INFO] Requested daily challenge: /dates 
[2025-04-25T22:38:32.775Z] [INFO] Requested daily challenge: /dates 
[2025-04-25T22:38:32.821Z] [INFO] Requested daily challenge: /date/2025-04-26 
[2025-04-25T22:38:32.909Z] [INFO] Requested daily challenge: /date/2025-04-26 
[2025-04-25T22:38:32.990Z] [INFO] Requested daily challenge: /date/2025-04-26 
[2025-04-25T22:38:33.046Z] [INFO] Requested daily challenge: /date/2025-04-26 
[2025-04-25T22:39:13.527Z] [INFO] Requested daily challenge: /dates 
[2025-04-25T22:39:13.578Z] [INFO] Requested daily challenge: /dates 
[2025-04-25T22:39:15.600Z] [INFO] Requested daily challenge: /dates 
[2025-04-25T22:39:15.645Z] [INFO] Requested daily challenge: /date/2025-04-24 
[2025-04-25T22:39:15.875Z] [INFO] Requested daily challenge: /date/2025-04-24 
[2025-04-25T22:39:16.104Z] [INFO] Requested daily challenge: /date/2025-04-24 
[2025-04-25T22:39:16.338Z] [INFO] Requested daily challenge: /date/2025-04-24 
[2025-04-25T22:39:19.406Z] [INFO] Requested daily challenge: /dates 
[2025-04-25T22:39:19.449Z] [INFO] Requested daily challenge: /dates 
[2025-04-25T23:10:33.212Z] [INFO] Server is running on port 8080 
[2025-04-25T23:10:33.616Z] [INFO] MongoDB connected successfully 
[2025-04-25T23:10:42.926Z] [INFO] Requested daily challenge: /dates 
[2025-04-25T23:10:42.990Z] [INFO] Requested daily challenge: /dates 
[2025-04-25T23:10:43.041Z] [INFO] Requested daily challenge: /date/2025-03-15 
[2025-04-25T23:10:43.166Z] [INFO] Requested daily challenge: /date/2025-03-15 
[2025-04-25T23:10:43.167Z] [INFO] Requested daily challenge: /dates 
[2025-04-25T23:10:43.279Z] [INFO] Requested daily challenge: /date/2025-03-15 
[2025-04-25T23:10:43.390Z] [INFO] Requested daily challenge: /date/2025-03-15 
[2025-04-25T23:10:43.553Z] [INFO] Requested daily challenge: /date/2025-03-15 
[2025-04-25T23:10:43.665Z] [INFO] Requested daily challenge: /date/2025-03-15 
[2025-04-25T23:10:43.779Z] [INFO] Requested daily challenge: /date/2025-03-15 
[2025-04-25T23:10:43.900Z] [INFO] Requested daily challenge: /date/2025-03-15 
[2025-04-25T23:11:37.596Z] [INFO] Requested daily challenge: /dates 
[2025-04-25T23:11:37.646Z] [INFO] Requested daily challenge: /dates 
[2025-04-25T23:11:39.164Z] [INFO] Requested daily challenge: /dates 
[2025-04-25T23:11:39.212Z] [INFO] Requested daily challenge: /dates 
[2025-04-25T23:11:41.057Z] [INFO] Requested daily challenge: /dates 
[2025-04-25T23:11:41.108Z] [INFO] Requested daily challenge: /date/2025-04-23 
[2025-04-25T23:11:41.354Z] [INFO] Requested daily challenge: /date/2025-04-23 
[2025-04-25T23:11:41.390Z] [INFO] Requested daily challenge: /stats?date=2025-04-23 
[2025-04-25T23:11:41.581Z] [INFO] Requested daily challenge: /date/2025-04-23 
[2025-04-25T23:11:41.798Z] [INFO] Requested daily challenge: /date/2025-04-23 
[2025-04-25T23:13:08.713Z] [INFO] Requested daily challenge: /dates 
[2025-04-25T23:13:08.758Z] [INFO] Requested daily challenge: /dates 
[2025-04-25T23:13:39.916Z] [INFO] Requested daily challenge: /dates 
[2025-04-25T23:13:39.964Z] [INFO] Requested daily challenge: /dates 
[2025-04-25T23:13:40.007Z] [INFO] Requested daily challenge: /date/2025-04-23 
[2025-04-25T23:13:40.242Z] [INFO] Requested daily challenge: /date/2025-04-23 
[2025-04-25T23:13:40.631Z] [INFO] Requested daily challenge: /date/2025-04-23 
[2025-04-25T23:13:40.841Z] [INFO] Requested daily challenge: /date/2025-04-23 
[2025-04-25T23:16:14.962Z] [INFO] Requested daily challenge: /dates 
[2025-04-25T23:16:15.020Z] [INFO] Requested daily challenge: /dates 
[2025-04-25T23:16:15.062Z] [INFO] Requested daily challenge: /date/2025-04-23 
[2025-04-25T23:16:15.293Z] [INFO] Requested daily challenge: /date/2025-04-23 
[2025-04-25T23:16:15.499Z] [INFO] Requested daily challenge: /date/2025-04-23 
[2025-04-25T23:16:15.701Z] [INFO] Requested daily challenge: /date/2025-04-23 
[2025-04-25T23:16:18.488Z] [INFO] Requested daily challenge: /dates 
[2025-04-25T23:16:18.537Z] [INFO] Requested daily challenge: /dates 
[2025-04-25T23:16:20.439Z] [INFO] Requested daily challenge: /dates 
[2025-04-25T23:16:20.485Z] [INFO] Requested daily challenge: /dates 
