[2025-05-02T01:54:52.639Z] [INFO] Requested daily challenge: /dates 
[2025-05-02T01:54:52.757Z] [INFO] Requested daily challenge: /dates 
[2025-05-02T01:54:58.635Z] [INFO] Requested daily challenge: /date/2025-04-25 
[2025-05-02T01:54:58.826Z] [INFO] Requested daily challenge: /date/2025-04-25 
[2025-05-02T01:54:58.870Z] [INFO] Requested daily challenge: /date/2025-04-25 
[2025-05-02T01:54:58.908Z] [INFO] Requested daily challenge: /date/2025-04-25 
[2025-05-02T01:55:06.712Z] [INFO] Requested daily challenge: /date/2025-04-25 
[2025-05-02T01:55:06.916Z] [INFO] Requested daily challenge: /date/2025-04-25 
[2025-05-02T01:55:06.975Z] [INFO] Requested daily challenge: /date/2025-04-25 
[2025-05-02T01:55:07.025Z] [INFO] Requested daily challenge: /date/2025-04-25 
[2025-05-02T01:56:29.130Z] [INFO] Requested daily challenge: /date/2025-04-25 
[2025-05-02T01:56:29.206Z] [INFO] Requested daily challenge: /date/2025-04-25 
[2025-05-02T01:56:29.254Z] [INFO] Requested daily challenge: /date/2025-04-25 
[2025-05-02T01:56:29.291Z] [INFO] Requested daily challenge: /date/2025-04-25 
[2025-05-02T01:57:07.670Z] [INFO] Requested daily challenge: /date/2025-04-25 
[2025-05-02T01:57:07.760Z] [INFO] Requested daily challenge: /date/2025-04-25 
[2025-05-02T01:57:07.838Z] [INFO] Requested daily challenge: /date/2025-04-25 
[2025-05-02T01:57:07.873Z] [INFO] Requested daily challenge: /date/2025-04-25 
[2025-05-02T01:57:31.592Z] [INFO] Requested daily challenge: /date/2025-04-25 
[2025-05-02T01:57:31.933Z] [INFO] Requested daily challenge: /date/2025-04-25 
[2025-05-02T01:57:32.006Z] [INFO] Requested daily challenge: /date/2025-04-25 
[2025-05-02T01:57:32.045Z] [INFO] Requested daily challenge: /date/2025-04-25 
[2025-05-02T01:57:37.141Z] [INFO] Requested daily challenge: /dates 
[2025-05-02T01:57:37.180Z] [INFO] Requested daily challenge: /dates 
[2025-05-02T01:57:38.152Z] [INFO] Requested daily challenge: /date/2025-04-17 
[2025-05-02T01:57:38.241Z] [INFO] Requested daily challenge: /date/2025-04-17 
[2025-05-02T01:57:38.277Z] [INFO] Requested daily challenge: /date/2025-04-17 
[2025-05-02T01:57:38.313Z] [INFO] Requested daily challenge: /date/2025-04-17 
[2025-05-02T01:57:40.996Z] [INFO] Requested daily challenge: /dates 
[2025-05-02T01:57:41.032Z] [INFO] Requested daily challenge: /dates 
[2025-05-02T01:57:41.829Z] [INFO] Requested daily challenge: /date/2025-04-25 
[2025-05-02T01:57:41.893Z] [INFO] Requested daily challenge: /date/2025-04-25 
[2025-05-02T01:57:41.952Z] [INFO] Requested daily challenge: /date/2025-04-25 
[2025-05-02T01:57:41.989Z] [INFO] Requested daily challenge: /date/2025-04-25 
[2025-05-02T01:57:43.002Z] [INFO] Requested daily challenge: /dates 
[2025-05-02T01:57:43.035Z] [INFO] Requested daily challenge: /dates 
[2025-05-02T01:57:43.864Z] [INFO] Requested daily challenge: /date/2025-04-19 
[2025-05-02T01:57:43.930Z] [INFO] Requested daily challenge: /date/2025-04-19 
[2025-05-02T01:57:43.967Z] [INFO] Requested daily challenge: /date/2025-04-19 
[2025-05-02T01:57:44.003Z] [INFO] Requested daily challenge: /date/2025-04-19 
[2025-05-02T01:57:45.023Z] [INFO] Requested daily challenge: /dates 
[2025-05-02T01:57:45.068Z] [INFO] Requested daily challenge: /dates 
[2025-05-02T01:57:45.996Z] [INFO] Requested daily challenge: /date/2025-04-27 
[2025-05-02T01:57:46.062Z] [INFO] Requested daily challenge: /date/2025-04-27 
[2025-05-02T01:57:46.096Z] [INFO] Requested daily challenge: /date/2025-04-27 
[2025-05-02T01:57:46.135Z] [INFO] Requested daily challenge: /date/2025-04-27 
[2025-05-02T01:57:47.217Z] [INFO] Requested daily challenge: /dates 
[2025-05-02T01:57:47.256Z] [INFO] Requested daily challenge: /dates 
[2025-05-02T01:57:48.295Z] [INFO] Requested daily challenge: /date/2025-04-28 
[2025-05-02T01:57:48.361Z] [INFO] Requested daily challenge: /date/2025-04-28 
[2025-05-02T01:57:48.408Z] [INFO] Requested daily challenge: /date/2025-04-28 
[2025-05-02T01:57:48.443Z] [INFO] Requested daily challenge: /date/2025-04-28 
[2025-05-02T01:57:54.465Z] [INFO] Requested daily challenge: /date/2025-04-28 
[2025-05-02T01:57:54.642Z] [INFO] Requested daily challenge: /date/2025-04-28 
[2025-05-02T01:57:54.681Z] [INFO] Requested daily challenge: /date/2025-04-28 
[2025-05-02T01:57:54.716Z] [INFO] Requested daily challenge: /date/2025-04-28 
[2025-05-02T01:57:56.739Z] [INFO] Requested daily challenge: /dates 
[2025-05-02T01:57:56.796Z] [INFO] Requested daily challenge: /dates 
[2025-05-02T01:57:57.442Z] [INFO] Requested daily challenge: /dates 
[2025-05-02T01:57:57.485Z] [INFO] Requested daily challenge: /dates 
[2025-05-02T01:57:58.674Z] [INFO] Requested daily challenge: /date/2025-04-15 
[2025-05-02T01:57:58.744Z] [INFO] Requested daily challenge: /date/2025-04-15 
[2025-05-02T01:57:58.782Z] [INFO] Requested daily challenge: /date/2025-04-15 
[2025-05-02T01:57:58.820Z] [INFO] Requested daily challenge: /date/2025-04-15 
[2025-05-02T01:58:02.001Z] [INFO] Requested daily challenge: /date/2025-04-15 
[2025-05-02T01:58:02.078Z] [INFO] Requested daily challenge: /date/2025-04-15 
[2025-05-02T01:58:02.205Z] [INFO] Requested daily challenge: /date/2025-04-15 
[2025-05-02T01:58:02.242Z] [INFO] Requested daily challenge: /date/2025-04-15 
[2025-05-02T01:58:05.298Z] [INFO] Requested daily challenge: /dates 
[2025-05-02T01:58:05.344Z] [INFO] Requested daily challenge: /dates 
[2025-05-02T01:58:08.114Z] [INFO] Requested daily challenge: /stats?date=2025-05-01 
[2025-05-02T01:58:08.117Z] [INFO] Requested daily challenge: /date/2025-05-01 
[2025-05-02T01:58:08.185Z] [INFO] Requested daily challenge: /stats?date=2025-05-01 
[2025-05-02T01:58:08.617Z] [INFO] Requested daily challenge: /date/2025-05-01 
[2025-05-02T01:58:08.660Z] [INFO] Requested daily challenge: /date/2025-05-01 
[2025-05-02T01:58:08.696Z] [INFO] Requested daily challenge: /date/2025-05-01 
[2025-05-02T02:20:42.223Z] [INFO] Requested daily challenge: /date/2025-05-01 
[2025-05-02T02:20:42.917Z] [INFO] Requested daily challenge: /date/2025-05-01 
[2025-05-02T02:20:42.918Z] [INFO] Requested daily challenge: /date/2025-05-01 
[2025-05-02T02:20:42.933Z] [INFO] Requested daily challenge: /date/2025-05-01 
[2025-05-02T02:20:43.972Z] [INFO] Requested daily challenge: /dates 
[2025-05-02T02:20:44.538Z] [INFO] Requested daily challenge: /dates 
[2025-05-02T02:20:48.439Z] [INFO] Requested daily challenge: /dates 
[2025-05-02T02:20:48.517Z] [INFO] Requested daily challenge: /dates 
[2025-05-02T02:21:00.505Z] [INFO] Requested daily challenge: /submit 
[2025-05-02T02:21:00.506Z] [INFO] [Submit Received Validated] IP: 127.0.0.1, UA: "Mozilla/5.0 (iPhone; CPU iPhone OS 16_6 like Mac OS X) AppleWebKit/605.1.15 (KHTML, like Gecko) Version/16.6 Mobile/15E148 Safari/604.1", Score: 2426, Date: 2025-05-01 
[2025-05-02T02:21:00.506Z] [INFO] [Submit] Processing for specific date 2025-05-01 (UTC) 
[2025-05-02T02:21:00.516Z] [INFO] [Submit] Today (America/New_York): 2025-05-01, Challenge Date: 2025-05-01, Is Past: false 
[2025-05-02T02:21:00.671Z] [INFO] [Submit Current Date] Processing full stats update for challenge ID: 6811a23af22b7769eb22ae0d on date 2025-05-01. 
[2025-05-02T02:21:00.672Z] [INFO] [Submit DB Update] Incrementing count for existing score 2426 on challenge 6811a23af22b7769eb22ae0d 
[2025-05-02T02:21:00.754Z] [INFO] [Submit Calc] Recalculating average score. Completions: 5217, Distributions Count: 2230 
[2025-05-02T02:21:00.785Z] [INFO] [Submit DB Update] Saved updated average score (3843.885758098524) for challenge 6811a23af22b7769eb22ae0d. No distribution recalculation needed. 
[2025-05-02T02:21:00.786Z] [INFO] [Submit Response] Sending response for IP: 127.0.0.1, Score: 2426, Date: 2025-05-01 
[2025-05-02T02:21:03.702Z] [INFO] Requested daily challenge: /dates 
[2025-05-02T02:21:03.742Z] [INFO] Requested daily challenge: /dates 
[2025-05-02T03:43:33.269Z] [INFO] Server is running on port 8080 
[2025-05-02T03:43:33.873Z] [INFO] MongoDB connected successfully 
[2025-05-02T04:52:18.713Z] [INFO] Server is running on port 8080 
[2025-05-02T04:52:19.313Z] [INFO] MongoDB connected successfully 
[2025-05-02T04:52:33.644Z] [INFO] Requested daily challenge: /date/2025-05-02 
[2025-05-02T04:52:33.755Z] [INFO] Requested daily challenge: /date/2025-05-02 
[2025-05-02T04:52:33.794Z] [INFO] Requested daily challenge: /date/2025-05-02 
[2025-05-02T04:52:33.834Z] [INFO] Requested daily challenge: /date/2025-05-02 
[2025-05-02T05:03:56.511Z] [INFO] Requested daily challenge: /dates 
[2025-05-02T05:03:56.571Z] [INFO] Requested daily challenge: /dates 
[2025-05-02T05:03:57.828Z] [INFO] Requested daily challenge: /date/2025-05-01 
[2025-05-02T05:03:57.834Z] [INFO] Requested daily challenge: /stats?date=2025-05-01 
[2025-05-02T05:03:57.909Z] [INFO] Requested daily challenge: /date/2025-05-01 
[2025-05-02T05:03:57.953Z] [INFO] Requested daily challenge: /date/2025-05-01 
[2025-05-02T05:03:57.991Z] [INFO] Requested daily challenge: /date/2025-05-01 
[2025-05-02T05:03:58.259Z] [INFO] Requested daily challenge: /stats?date=2025-05-01 
[2025-05-02T05:03:58.298Z] [INFO] Requested daily challenge: /stats?date=2025-05-01 
[2025-05-02T05:03:58.338Z] [INFO] Requested daily challenge: /stats?date=2025-05-01 
[2025-05-02T05:03:58.379Z] [INFO] Requested daily challenge: /stats?date=2025-05-01 
[2025-05-02T05:03:58.419Z] [INFO] Requested daily challenge: /stats?date=2025-05-01 
[2025-05-02T05:11:53.437Z] [INFO] Requested daily challenge: /dates 
[2025-05-02T05:11:53.486Z] [INFO] Requested daily challenge: /dates 
[2025-05-02T05:11:54.475Z] [INFO] Requested daily challenge: /date/2025-05-02 
[2025-05-02T05:11:54.550Z] [INFO] Requested daily challenge: /date/2025-05-02 
[2025-05-02T05:11:54.588Z] [INFO] Requested daily challenge: /date/2025-05-02 
[2025-05-02T05:11:54.624Z] [INFO] Requested daily challenge: /date/2025-05-02 
[2025-05-02T05:12:00.040Z] [INFO] Requested daily challenge: /date/2025-05-02 
[2025-05-02T05:12:00.149Z] [INFO] Requested daily challenge: /date/2025-05-02 
[2025-05-02T05:12:00.213Z] [INFO] Requested daily challenge: /date/2025-05-02 
[2025-05-02T05:12:00.255Z] [INFO] Requested daily challenge: /date/2025-05-02 
[2025-05-02T05:13:35.093Z] [INFO] Requested daily challenge: /date/2025-05-02 
[2025-05-02T05:13:35.101Z] [INFO] Requested daily challenge: /date/2025-05-02 
[2025-05-02T05:13:35.108Z] [INFO] Requested daily challenge: /date/2025-05-02 
[2025-05-02T05:13:35.120Z] [INFO] Requested daily challenge: /date/2025-05-02 
[2025-05-02T05:58:03.014Z] [INFO] Server is running on port 8080 
[2025-05-02T05:58:03.589Z] [INFO] MongoDB connected successfully 
[2025-05-02T05:58:10.102Z] [INFO] Requested daily challenge: /date/2025-05-02 
[2025-05-02T05:58:10.164Z] [INFO] Requested daily challenge: /date/2025-05-02 
[2025-05-02T05:58:10.171Z] [INFO] Requested daily challenge: /date/2025-05-02 
[2025-05-02T05:58:10.189Z] [INFO] Requested daily challenge: /date/2025-05-02 
[2025-05-02T05:58:14.544Z] [INFO] Requested daily challenge: /date/2025-05-02 
[2025-05-02T05:58:14.605Z] [INFO] Requested daily challenge: /date/2025-05-02 
[2025-05-02T05:58:14.607Z] [INFO] Requested daily challenge: /date/2025-05-02 
[2025-05-02T05:58:14.613Z] [INFO] Requested daily challenge: /date/2025-05-02 
[2025-05-02T14:36:34.766Z] [INFO] Requested daily challenge: /date/2025-05-02 
[2025-05-02T14:36:35.185Z] [INFO] Requested daily challenge: /date/2025-05-02 
[2025-05-02T14:36:35.295Z] [INFO] Requested daily challenge: /date/2025-05-02 
[2025-05-02T14:36:35.333Z] [INFO] Requested daily challenge: /date/2025-05-02 
[2025-05-02T16:35:48.972Z] [INFO] Server is running on port 8080 
[2025-05-02T16:35:49.504Z] [INFO] MongoDB connected successfully 
[2025-05-02T16:37:08.047Z] [INFO] Requested daily challenge: /date/2025-05-02 
[2025-05-02T16:37:08.168Z] [INFO] Requested daily challenge: /date/2025-05-02 
[2025-05-02T16:37:08.217Z] [INFO] Requested daily challenge: /date/2025-05-02 
[2025-05-02T16:37:08.260Z] [INFO] Requested daily challenge: /date/2025-05-02 
[2025-05-02T16:37:38.366Z] [INFO] Requested daily challenge: /date/2025-05-02 
[2025-05-02T16:37:38.400Z] [INFO] Requested daily challenge: /date/2025-05-02 
[2025-05-02T16:37:38.429Z] [INFO] Requested daily challenge: /date/2025-05-02 
[2025-05-02T16:37:38.438Z] [INFO] Requested daily challenge: /date/2025-05-02 
[2025-05-02T16:43:39.833Z] [INFO] Server is running on port 8080 
[2025-05-02T16:43:40.362Z] [INFO] MongoDB connected successfully 
[2025-05-02T16:43:44.315Z] [INFO] Requested daily challenge: /date/2025-05-02 
[2025-05-02T16:43:44.387Z] [INFO] Requested daily challenge: /date/2025-05-02 
[2025-05-02T16:43:44.401Z] [INFO] Requested daily challenge: /date/2025-05-02 
[2025-05-02T16:43:44.408Z] [INFO] Requested daily challenge: /date/2025-05-02 
[2025-05-02T16:44:17.192Z] [INFO] Server is running on port 8080 
[2025-05-02T16:44:17.584Z] [INFO] MongoDB connected successfully 
[2025-05-02T16:44:39.714Z] [INFO] Requested daily challenge: /date/2025-05-02 
[2025-05-02T16:44:39.837Z] [INFO] Requested daily challenge: /date/2025-05-02 
[2025-05-02T16:44:39.882Z] [INFO] Requested daily challenge: /date/2025-05-02 
[2025-05-02T16:44:39.925Z] [INFO] Requested daily challenge: /date/2025-05-02 
[2025-05-02T17:01:33.317Z] [INFO] Server is running on port 8080 
[2025-05-02T17:01:33.967Z] [INFO] MongoDB connected successfully 
[2025-05-02T17:01:36.980Z] [INFO] Requested daily challenge: /date/2025-05-02 
[2025-05-02T17:01:37.077Z] [INFO] Requested daily challenge: /date/2025-05-02 
[2025-05-02T17:01:37.137Z] [INFO] Requested daily challenge: /date/2025-05-02 
[2025-05-02T17:01:37.180Z] [INFO] Requested daily challenge: /date/2025-05-02 
[2025-05-02T17:01:49.346Z] [INFO] Requested daily challenge: /dates 
[2025-05-02T17:01:49.401Z] [INFO] Requested daily challenge: /dates 
[2025-05-02T17:01:51.753Z] [INFO] Requested daily challenge: /date/2025-04-16 
[2025-05-02T17:01:51.844Z] [INFO] Requested daily challenge: /date/2025-04-16 
[2025-05-02T17:01:51.891Z] [INFO] Requested daily challenge: /date/2025-04-16 
[2025-05-02T17:01:51.951Z] [INFO] Requested daily challenge: /date/2025-04-16 
[2025-05-02T17:02:10.588Z] [INFO] Requested daily challenge: /dates 
[2025-05-02T17:02:10.634Z] [INFO] Requested daily challenge: /dates 
[2025-05-02T17:02:12.316Z] [INFO] Requested daily challenge: /date/2025-04-15 
[2025-05-02T17:02:12.408Z] [INFO] Requested daily challenge: /date/2025-04-15 
[2025-05-02T17:02:12.461Z] [INFO] Requested daily challenge: /date/2025-04-15 
[2025-05-02T17:02:12.498Z] [INFO] Requested daily challenge: /date/2025-04-15 
[2025-05-02T17:02:25.776Z] [INFO] Requested daily challenge: /dates 
[2025-05-02T17:02:25.823Z] [INFO] Requested daily challenge: /dates 
[2025-05-02T17:02:26.855Z] [INFO] Requested daily challenge: /date/2025-04-17 
[2025-05-02T17:02:27.090Z] [INFO] Requested daily challenge: /date/2025-04-17 
[2025-05-02T17:02:27.144Z] [INFO] Requested daily challenge: /date/2025-04-17 
[2025-05-02T17:02:27.203Z] [INFO] Requested daily challenge: /date/2025-04-17 
[2025-05-02T17:03:40.580Z] [INFO] Requested daily challenge: /dates 
[2025-05-02T17:03:40.686Z] [INFO] Requested daily challenge: /dates 
[2025-05-02T17:03:42.959Z] [INFO] Requested daily challenge: /date/2025-04-22 
[2025-05-02T17:03:43.062Z] [INFO] Requested daily challenge: /date/2025-04-22 
[2025-05-02T17:03:43.100Z] [INFO] Requested daily challenge: /date/2025-04-22 
[2025-05-02T17:03:43.138Z] [INFO] Requested daily challenge: /date/2025-04-22 
[2025-05-02T17:04:28.935Z] [INFO] Requested daily challenge: /dates 
[2025-05-02T17:04:28.998Z] [INFO] Requested daily challenge: /dates 
[2025-05-02T17:04:30.949Z] [INFO] Requested daily challenge: /date/2025-05-01 
[2025-05-02T17:04:30.952Z] [INFO] Requested daily challenge: /stats?date=2025-05-01 
[2025-05-02T17:04:31.013Z] [INFO] Requested daily challenge: /date/2025-05-01 
[2025-05-02T17:04:31.050Z] [INFO] Requested daily challenge: /date/2025-05-01 
[2025-05-02T17:04:31.087Z] [INFO] Requested daily challenge: /date/2025-05-01 
[2025-05-02T17:04:31.245Z] [INFO] Requested daily challenge: /stats?date=2025-05-01 
[2025-05-02T17:04:31.286Z] [INFO] Requested daily challenge: /stats?date=2025-05-01 
[2025-05-02T17:04:31.322Z] [INFO] Requested daily challenge: /stats?date=2025-05-01 
[2025-05-02T17:04:31.367Z] [INFO] Requested daily challenge: /stats?date=2025-05-01 
[2025-05-02T17:04:31.405Z] [INFO] Requested daily challenge: /stats?date=2025-05-01 
[2025-05-02T17:04:32.486Z] [INFO] Requested daily challenge: /dates 
[2025-05-02T17:04:32.518Z] [INFO] Requested daily challenge: /dates 
[2025-05-02T17:04:33.362Z] [INFO] Requested daily challenge: /date/2025-05-02 
[2025-05-02T17:04:33.422Z] [INFO] Requested daily challenge: /date/2025-05-02 
[2025-05-02T17:04:33.513Z] [INFO] Requested daily challenge: /date/2025-05-02 
[2025-05-02T17:04:33.551Z] [INFO] Requested daily challenge: /date/2025-05-02 
[2025-05-02T17:04:34.919Z] [INFO] Requested daily challenge: /dates 
[2025-05-02T17:04:34.995Z] [INFO] Requested daily challenge: /dates 
[2025-05-02T17:04:35.671Z] [INFO] Requested daily challenge: /date/2025-05-01 
[2025-05-02T17:04:35.676Z] [INFO] Requested daily challenge: /stats?date=2025-05-01 
[2025-05-02T17:04:35.739Z] [INFO] Requested daily challenge: /date/2025-05-01 
[2025-05-02T17:04:35.745Z] [INFO] Requested daily challenge: /stats?date=2025-05-01 
[2025-05-02T17:04:35.781Z] [INFO] Requested daily challenge: /date/2025-05-01 
[2025-05-02T17:04:35.793Z] [INFO] Requested daily challenge: /stats?date=2025-05-01 
[2025-05-02T17:04:35.815Z] [INFO] Requested daily challenge: /date/2025-05-01 
[2025-05-02T17:04:46.074Z] [INFO] Requested daily challenge: /date/2025-05-01 
[2025-05-02T17:04:46.080Z] [INFO] Requested daily challenge: /date/2025-05-01 
[2025-05-02T17:04:46.095Z] [INFO] Requested daily challenge: /date/2025-05-01 
[2025-05-02T17:04:46.120Z] [INFO] Requested daily challenge: /stats?date=2025-05-01 
[2025-05-02T17:04:46.125Z] [INFO] Requested daily challenge: /stats?date=2025-05-01 
[2025-05-02T17:04:46.157Z] [INFO] Requested daily challenge: /date/2025-05-01 
[2025-05-02T17:04:46.253Z] [INFO] Requested daily challenge: /stats?date=2025-05-01 
[2025-05-02T17:04:46.254Z] [INFO] Requested daily challenge: /stats?date=2025-05-01 
[2025-05-02T17:05:59.737Z] [INFO] Requested daily challenge: /dates 
[2025-05-02T17:05:59.751Z] [INFO] Requested daily challenge: /dates 
[2025-05-02T17:06:01.122Z] [INFO] Requested daily challenge: /date/2025-05-02 
[2025-05-02T17:06:01.135Z] [INFO] Requested daily challenge: /date/2025-05-02 
[2025-05-02T17:06:01.136Z] [INFO] Requested daily challenge: /date/2025-05-02 
[2025-05-02T17:06:01.140Z] [INFO] Requested daily challenge: /date/2025-05-02 
[2025-05-02T17:07:10.148Z] [INFO] Requested daily challenge: /dates 
[2025-05-02T17:07:10.201Z] [INFO] Requested daily challenge: /dates 
[2025-05-02T17:07:11.182Z] [INFO] Requested daily challenge: /date/2025-05-01 
[2025-05-02T17:07:11.198Z] [INFO] Requested daily challenge: /stats?date=2025-05-01 
[2025-05-02T17:07:11.249Z] [INFO] Requested daily challenge: /date/2025-05-01 
[2025-05-02T17:07:11.269Z] [INFO] Requested daily challenge: /stats?date=2025-05-01 
[2025-05-02T17:07:11.286Z] [INFO] Requested daily challenge: /date/2025-05-01 
[2025-05-02T17:07:11.301Z] [INFO] Requested daily challenge: /stats?date=2025-05-01 
[2025-05-02T17:07:11.321Z] [INFO] Requested daily challenge: /date/2025-05-01 
[2025-05-02T17:07:12.176Z] [INFO] Requested daily challenge: /dates 
[2025-05-02T17:07:12.227Z] [INFO] Requested daily challenge: /dates 
[2025-05-02T17:07:13.990Z] [INFO] Requested daily challenge: /date/2025-04-17 
[2025-05-02T17:07:14.067Z] [INFO] Requested daily challenge: /date/2025-04-17 
[2025-05-02T17:07:14.113Z] [INFO] Requested daily challenge: /date/2025-04-17 
[2025-05-02T17:07:14.166Z] [INFO] Requested daily challenge: /date/2025-04-17 
[2025-05-02T17:07:15.924Z] [INFO] Requested daily challenge: /dates 
[2025-05-02T17:07:15.972Z] [INFO] Requested daily challenge: /dates 
[2025-05-02T17:07:16.850Z] [INFO] Requested daily challenge: /date/2025-04-16 
[2025-05-02T17:07:16.939Z] [INFO] Requested daily challenge: /date/2025-04-16 
[2025-05-02T17:07:16.983Z] [INFO] Requested daily challenge: /date/2025-04-16 
[2025-05-02T17:07:17.019Z] [INFO] Requested daily challenge: /date/2025-04-16 
[2025-05-02T17:09:14.763Z] [INFO] Requested daily challenge: /dates 
[2025-05-02T17:09:14.818Z] [INFO] Requested daily challenge: /dates 
[2025-05-02T17:09:16.155Z] [INFO] Requested daily challenge: /date/2025-04-22 
[2025-05-02T17:09:16.221Z] [INFO] Requested daily challenge: /date/2025-04-22 
[2025-05-02T17:09:16.256Z] [INFO] Requested daily challenge: /date/2025-04-22 
[2025-05-02T17:09:16.296Z] [INFO] Requested daily challenge: /date/2025-04-22 
[2025-05-02T17:09:17.652Z] [INFO] Requested daily challenge: /dates 
[2025-05-02T17:09:17.698Z] [INFO] Requested daily challenge: /dates 
[2025-05-02T17:09:18.902Z] [INFO] Requested daily challenge: /date/2025-04-17 
[2025-05-02T17:09:18.978Z] [INFO] Requested daily challenge: /date/2025-04-17 
[2025-05-02T17:09:19.017Z] [INFO] Requested daily challenge: /date/2025-04-17 
[2025-05-02T17:09:19.052Z] [INFO] Requested daily challenge: /date/2025-04-17 
[2025-05-02T17:09:19.780Z] [INFO] Requested daily challenge: /dates 
[2025-05-02T17:09:19.822Z] [INFO] Requested daily challenge: /dates 
[2025-05-02T17:09:20.693Z] [INFO] Requested daily challenge: /date/2025-04-15 
[2025-05-02T17:09:20.778Z] [INFO] Requested daily challenge: /date/2025-04-15 
[2025-05-02T17:09:20.815Z] [INFO] Requested daily challenge: /date/2025-04-15 
[2025-05-02T17:09:20.864Z] [INFO] Requested daily challenge: /date/2025-04-15 
[2025-05-02T17:09:23.490Z] [INFO] Requested daily challenge: /dates 
[2025-05-02T17:09:23.537Z] [INFO] Requested daily challenge: /dates 
[2025-05-02T17:09:24.304Z] [INFO] Requested daily challenge: /date/2025-04-16 
[2025-05-02T17:09:24.371Z] [INFO] Requested daily challenge: /date/2025-04-16 
[2025-05-02T17:09:24.432Z] [INFO] Requested daily challenge: /date/2025-04-16 
[2025-05-02T17:09:24.467Z] [INFO] Requested daily challenge: /date/2025-04-16 
[2025-05-02T17:09:25.158Z] [INFO] Requested daily challenge: /dates 
[2025-05-02T17:09:25.193Z] [INFO] Requested daily challenge: /dates 
[2025-05-02T17:09:27.042Z] [INFO] Requested daily challenge: /dates 
[2025-05-02T17:09:27.079Z] [INFO] Requested daily challenge: /dates 
[2025-05-02T17:09:28.092Z] [INFO] Requested daily challenge: /date/2025-04-15 
[2025-05-02T17:09:28.166Z] [INFO] Requested daily challenge: /date/2025-04-15 
[2025-05-02T17:09:28.206Z] [INFO] Requested daily challenge: /date/2025-04-15 
[2025-05-02T17:09:28.244Z] [INFO] Requested daily challenge: /date/2025-04-15 
[2025-05-02T17:10:02.173Z] [INFO] Requested daily challenge: /dates 
[2025-05-02T17:10:02.224Z] [INFO] Requested daily challenge: /dates 
[2025-05-02T17:10:03.160Z] [INFO] Requested daily challenge: /date/2025-04-22 
[2025-05-02T17:10:03.223Z] [INFO] Requested daily challenge: /date/2025-04-22 
[2025-05-02T17:10:03.261Z] [INFO] Requested daily challenge: /date/2025-04-22 
[2025-05-02T17:10:03.298Z] [INFO] Requested daily challenge: /date/2025-04-22 
[2025-05-02T17:15:10.706Z] [INFO] Requested daily challenge: /dates 
[2025-05-02T17:15:10.750Z] [INFO] Requested daily challenge: /dates 
[2025-05-02T17:15:11.806Z] [INFO] Requested daily challenge: /date/2025-04-16 
[2025-05-02T17:15:11.886Z] [INFO] Requested daily challenge: /date/2025-04-16 
[2025-05-02T17:15:11.930Z] [INFO] Requested daily challenge: /date/2025-04-16 
[2025-05-02T17:15:11.998Z] [INFO] Requested daily challenge: /date/2025-04-16 
[2025-05-02T17:15:12.710Z] [INFO] Requested daily challenge: /dates 
[2025-05-02T17:15:12.746Z] [INFO] Requested daily challenge: /dates 
[2025-05-02T17:15:13.376Z] [INFO] Requested daily challenge: /date/2025-04-17 
[2025-05-02T17:15:13.452Z] [INFO] Requested daily challenge: /date/2025-04-17 
[2025-05-02T17:15:13.490Z] [INFO] Requested daily challenge: /date/2025-04-17 
[2025-05-02T17:15:13.526Z] [INFO] Requested daily challenge: /date/2025-04-17 
[2025-05-02T17:15:14.386Z] [INFO] Requested daily challenge: /dates 
[2025-05-02T17:15:14.427Z] [INFO] Requested daily challenge: /dates 
[2025-05-02T17:15:15.723Z] [INFO] Requested daily challenge: /date/2025-04-23 
[2025-05-02T17:15:15.806Z] [INFO] Requested daily challenge: /date/2025-04-23 
[2025-05-02T17:15:15.889Z] [INFO] Requested daily challenge: /date/2025-04-23 
[2025-05-02T17:15:15.925Z] [INFO] Requested daily challenge: /date/2025-04-23 
[2025-05-02T17:15:17.066Z] [INFO] Requested daily challenge: /dates 
[2025-05-02T17:15:17.100Z] [INFO] Requested daily challenge: /dates 
[2025-05-02T17:15:17.920Z] [INFO] Requested daily challenge: /date/2025-04-24 
[2025-05-02T17:15:17.993Z] [INFO] Requested daily challenge: /date/2025-04-24 
[2025-05-02T17:15:18.030Z] [INFO] Requested daily challenge: /date/2025-04-24 
[2025-05-02T17:15:18.071Z] [INFO] Requested daily challenge: /date/2025-04-24 
[2025-05-02T17:15:19.088Z] [INFO] Requested daily challenge: /dates 
[2025-05-02T17:15:19.132Z] [INFO] Requested daily challenge: /dates 
[2025-05-02T17:15:19.867Z] [INFO] Requested daily challenge: /date/2025-04-25 
[2025-05-02T17:15:19.937Z] [INFO] Requested daily challenge: /date/2025-04-25 
[2025-05-02T17:15:19.977Z] [INFO] Requested daily challenge: /date/2025-04-25 
[2025-05-02T17:15:20.017Z] [INFO] Requested daily challenge: /date/2025-04-25 
[2025-05-02T17:15:21.285Z] [INFO] Requested daily challenge: /dates 
[2025-05-02T17:15:21.320Z] [INFO] Requested daily challenge: /dates 
[2025-05-02T17:15:22.156Z] [INFO] Requested daily challenge: /date/2025-04-28 
[2025-05-02T17:15:22.227Z] [INFO] Requested daily challenge: /date/2025-04-28 
[2025-05-02T17:15:22.264Z] [INFO] Requested daily challenge: /date/2025-04-28 
[2025-05-02T17:15:22.303Z] [INFO] Requested daily challenge: /date/2025-04-28 
[2025-05-02T17:15:23.145Z] [INFO] Requested daily challenge: /dates 
[2025-05-02T17:15:23.180Z] [INFO] Requested daily challenge: /dates 
[2025-05-02T17:15:23.926Z] [INFO] Requested daily challenge: /date/2025-04-27 
[2025-05-02T17:15:23.996Z] [INFO] Requested daily challenge: /date/2025-04-27 
[2025-05-02T17:15:24.039Z] [INFO] Requested daily challenge: /date/2025-04-27 
[2025-05-02T17:15:24.076Z] [INFO] Requested daily challenge: /date/2025-04-27 
[2025-05-02T17:15:26.766Z] [INFO] Requested daily challenge: /dates 
[2025-05-02T17:15:26.803Z] [INFO] Requested daily challenge: /dates 
[2025-05-02T17:16:05.629Z] [INFO] Requested daily challenge: /dates 
[2025-05-02T17:16:05.687Z] [INFO] Requested daily challenge: /dates 
[2025-05-02T17:16:06.728Z] [INFO] Requested daily challenge: /date/2025-04-15 
[2025-05-02T17:16:06.794Z] [INFO] Requested daily challenge: /date/2025-04-15 
[2025-05-02T17:16:06.841Z] [INFO] Requested daily challenge: /date/2025-04-15 
[2025-05-02T17:16:06.893Z] [INFO] Requested daily challenge: /date/2025-04-15 
[2025-05-02T17:16:07.782Z] [INFO] Requested daily challenge: /dates 
[2025-05-02T17:16:07.829Z] [INFO] Requested daily challenge: /dates 
[2025-05-02T17:16:08.738Z] [INFO] Requested daily challenge: /date/2025-04-17 
[2025-05-02T17:16:08.840Z] [INFO] Requested daily challenge: /date/2025-04-17 
[2025-05-02T17:16:08.882Z] [INFO] Requested daily challenge: /date/2025-04-17 
[2025-05-02T17:16:08.920Z] [INFO] Requested daily challenge: /date/2025-04-17 
[2025-05-02T17:16:11.209Z] [INFO] Requested daily challenge: /dates 
[2025-05-02T17:16:11.252Z] [INFO] Requested daily challenge: /dates 
[2025-05-02T17:16:12.064Z] [INFO] Requested daily challenge: /date/2025-04-18 
[2025-05-02T17:16:12.138Z] [INFO] Requested daily challenge: /date/2025-04-18 
[2025-05-02T17:16:12.174Z] [INFO] Requested daily challenge: /date/2025-04-18 
[2025-05-02T17:16:12.211Z] [INFO] Requested daily challenge: /date/2025-04-18 
[2025-05-02T17:16:13.344Z] [INFO] Requested daily challenge: /dates 
[2025-05-02T17:16:13.379Z] [INFO] Requested daily challenge: /dates 
[2025-05-02T17:16:14.222Z] [INFO] Requested daily challenge: /date/2025-04-23 
[2025-05-02T17:16:14.316Z] [INFO] Requested daily challenge: /date/2025-04-23 
[2025-05-02T17:16:14.358Z] [INFO] Requested daily challenge: /date/2025-04-23 
[2025-05-02T17:16:14.395Z] [INFO] Requested daily challenge: /date/2025-04-23 
[2025-05-02T17:16:15.397Z] [INFO] Requested daily challenge: /dates 
[2025-05-02T17:16:15.431Z] [INFO] Requested daily challenge: /dates 
[2025-05-02T17:16:16.217Z] [INFO] Requested daily challenge: /date/2025-04-30 
[2025-05-02T17:16:16.290Z] [INFO] Requested daily challenge: /date/2025-04-30 
[2025-05-02T17:16:16.329Z] [INFO] Requested daily challenge: /date/2025-04-30 
[2025-05-02T17:16:16.367Z] [INFO] Requested daily challenge: /date/2025-04-30 
[2025-05-02T17:16:17.825Z] [INFO] Requested daily challenge: /dates 
[2025-05-02T17:16:17.869Z] [INFO] Requested daily challenge: /dates 
[2025-05-02T17:16:18.840Z] [INFO] Requested daily challenge: /date/2025-04-27 
[2025-05-02T17:16:18.914Z] [INFO] Requested daily challenge: /date/2025-04-27 
[2025-05-02T17:16:18.961Z] [INFO] Requested daily challenge: /date/2025-04-27 
[2025-05-02T17:16:18.998Z] [INFO] Requested daily challenge: /date/2025-04-27 
[2025-05-02T17:16:19.972Z] [INFO] Requested daily challenge: /dates 
[2025-05-02T17:16:20.020Z] [INFO] Requested daily challenge: /dates 
[2025-05-02T17:16:20.863Z] [INFO] Requested daily challenge: /date/2025-04-28 
[2025-05-02T17:16:20.935Z] [INFO] Requested daily challenge: /date/2025-04-28 
[2025-05-02T17:16:20.975Z] [INFO] Requested daily challenge: /date/2025-04-28 
[2025-05-02T17:16:21.013Z] [INFO] Requested daily challenge: /date/2025-04-28 
[2025-05-02T17:16:22.588Z] [INFO] Requested daily challenge: /dates 
[2025-05-02T17:16:22.631Z] [INFO] Requested daily challenge: /dates 
[2025-05-02T17:16:23.882Z] [INFO] Requested daily challenge: /date/2025-04-18 
[2025-05-02T17:16:23.950Z] [INFO] Requested daily challenge: /date/2025-04-18 
[2025-05-02T17:16:23.992Z] [INFO] Requested daily challenge: /date/2025-04-18 
[2025-05-02T17:16:24.082Z] [INFO] Requested daily challenge: /date/2025-04-18 
[2025-05-02T17:16:34.443Z] [INFO] Requested daily challenge: /dates 
[2025-05-02T17:16:34.487Z] [INFO] Requested daily challenge: /dates 
[2025-05-02T17:16:35.901Z] [INFO] Requested daily challenge: /date/2025-04-24 
[2025-05-02T17:16:35.999Z] [INFO] Requested daily challenge: /date/2025-04-24 
[2025-05-02T17:16:36.037Z] [INFO] Requested daily challenge: /date/2025-04-24 
[2025-05-02T17:16:36.076Z] [INFO] Requested daily challenge: /date/2025-04-24 
[2025-05-02T17:16:38.047Z] [INFO] Requested daily challenge: /dates 
[2025-05-02T17:16:38.089Z] [INFO] Requested daily challenge: /dates 
[2025-05-02T17:16:39.265Z] [INFO] Requested daily challenge: /date/2025-04-25 
[2025-05-02T17:16:39.340Z] [INFO] Requested daily challenge: /date/2025-04-25 
[2025-05-02T17:16:39.381Z] [INFO] Requested daily challenge: /date/2025-04-25 
[2025-05-02T17:16:39.418Z] [INFO] Requested daily challenge: /date/2025-04-25 
[2025-05-02T17:16:40.610Z] [INFO] Requested daily challenge: /dates 
[2025-05-02T17:16:40.648Z] [INFO] Requested daily challenge: /dates 
[2025-05-02T17:16:41.946Z] [INFO] Requested daily challenge: /date/2025-04-26 
[2025-05-02T17:16:42.020Z] [INFO] Requested daily challenge: /date/2025-04-26 
[2025-05-02T17:16:42.059Z] [INFO] Requested daily challenge: /date/2025-04-26 
[2025-05-02T17:16:42.098Z] [INFO] Requested daily challenge: /date/2025-04-26 
[2025-05-02T17:16:43.183Z] [INFO] Requested daily challenge: /dates 
[2025-05-02T17:16:43.222Z] [INFO] Requested daily challenge: /dates 
[2025-05-02T17:16:44.020Z] [INFO] Requested daily challenge: /date/2025-04-28 
[2025-05-02T17:16:44.110Z] [INFO] Requested daily challenge: /date/2025-04-28 
[2025-05-02T17:16:44.150Z] [INFO] Requested daily challenge: /date/2025-04-28 
[2025-05-02T17:16:44.191Z] [INFO] Requested daily challenge: /date/2025-04-28 
[2025-05-02T17:18:06.701Z] [INFO] Requested daily challenge: /dates 
[2025-05-02T17:18:06.794Z] [INFO] Requested daily challenge: /dates 
[2025-05-02T17:18:08.722Z] [INFO] Requested daily challenge: /date/2025-05-01 
[2025-05-02T17:18:08.736Z] [INFO] Requested daily challenge: /stats?date=2025-05-01 
[2025-05-02T17:18:08.794Z] [INFO] Requested daily challenge: /date/2025-05-01 
[2025-05-02T17:18:08.796Z] [INFO] Requested daily challenge: /stats?date=2025-05-01 
[2025-05-02T17:18:08.833Z] [INFO] Requested daily challenge: /date/2025-05-01 
[2025-05-02T17:18:08.873Z] [INFO] Requested daily challenge: /date/2025-05-01 
[2025-05-02T17:18:17.156Z] [INFO] Requested daily challenge: /date/2025-05-01 
[2025-05-02T17:18:17.165Z] [INFO] Requested daily challenge: /date/2025-05-01 
[2025-05-02T17:18:17.174Z] [INFO] Requested daily challenge: /date/2025-05-01 
[2025-05-02T17:18:17.185Z] [INFO] Requested daily challenge: /stats?date=2025-05-01 
[2025-05-02T17:18:17.189Z] [INFO] Requested daily challenge: /stats?date=2025-05-01 
[2025-05-02T17:18:17.390Z] [INFO] Requested daily challenge: /date/2025-05-01 
[2025-05-02T17:18:17.421Z] [INFO] Requested daily challenge: /stats?date=2025-05-01 
[2025-05-02T17:18:17.439Z] [INFO] Requested daily challenge: /stats?date=2025-05-01 
[2025-05-02T17:18:17.446Z] [INFO] Requested daily challenge: /stats?date=2025-05-01 
[2025-05-02T17:19:13.809Z] [INFO] Requested daily challenge: /dates 
[2025-05-02T17:19:13.863Z] [INFO] Requested daily challenge: /dates 
[2025-05-02T17:19:16.120Z] [INFO] Requested daily challenge: /date/2025-04-24 
[2025-05-02T17:19:16.198Z] [INFO] Requested daily challenge: /date/2025-04-24 
[2025-05-02T17:19:16.236Z] [INFO] Requested daily challenge: /date/2025-04-24 
[2025-05-02T17:19:16.272Z] [INFO] Requested daily challenge: /date/2025-04-24 
[2025-05-02T17:19:21.260Z] [INFO] Requested daily challenge: /date/2025-04-24 
[2025-05-02T17:19:21.282Z] [INFO] Requested daily challenge: /date/2025-04-24 
[2025-05-02T17:19:21.290Z] [INFO] Requested daily challenge: /date/2025-04-24 
[2025-05-02T17:19:21.292Z] [INFO] Requested daily challenge: /date/2025-04-24 
[2025-05-02T17:20:57.012Z] [INFO] Requested daily challenge: /submit 
[2025-05-02T17:20:57.017Z] [INFO] [Submit Received Validated] IP: 127.0.0.1, UA: "Mozilla/5.0 (Macintosh; Intel Mac OS X 10_15_7) AppleWebKit/537.36 (KHTML, like Gecko) Chrome/135.0.0.0 Safari/537.36", Score: 3075, Date: 2025-04-24 
[2025-05-02T17:20:57.017Z] [INFO] [Submit] Processing for specific date 2025-04-24 (UTC) 
[2025-05-02T17:20:57.033Z] [INFO] [Submit] Today (America/New_York): 2025-05-02, Challenge Date: 2025-04-24, Is Past: true 
[2025-05-02T17:20:57.042Z] [INFO] Requested daily challenge: /stats?date=2025-04-24 
[2025-05-02T17:20:57.202Z] [INFO] [Submit Past Date] Only incremented completions for challenge ID: 68094fb5f9fab879928dd100. Preparing to return existing stats. 
[2025-05-02T17:20:57.203Z] [INFO] [Submit Response] Sending response for IP: 127.0.0.1, Score: 3075, Date: 2025-04-24 
[2025-05-02T17:23:07.706Z] [INFO] Requested daily challenge: /dates 
[2025-05-02T17:23:07.717Z] [INFO] Requested daily challenge: /dates 
[2025-05-02T17:23:11.230Z] [INFO] Requested daily challenge: /date/2025-04-24 
[2025-05-02T17:23:11.271Z] [INFO] Requested daily challenge: /date/2025-04-24 
[2025-05-02T17:23:11.273Z] [INFO] Requested daily challenge: /date/2025-04-24 
[2025-05-02T17:23:11.278Z] [INFO] Requested daily challenge: /date/2025-04-24 
[2025-05-02T17:23:11.284Z] [INFO] Requested daily challenge: /stats?date=2025-04-24 
[2025-05-02T17:23:11.295Z] [INFO] Requested daily challenge: /stats?date=2025-04-24 
[2025-05-02T17:23:11.450Z] [INFO] Requested daily challenge: /stats?date=2025-04-24 
[2025-05-02T17:23:11.452Z] [INFO] Requested daily challenge: /stats?date=2025-04-24 
[2025-05-02T17:23:11.453Z] [INFO] Requested daily challenge: /stats?date=2025-04-24 
[2025-05-02T17:23:11.454Z] [INFO] Requested daily challenge: /stats?date=2025-04-24 
[2025-05-02T17:23:14.101Z] [INFO] Requested daily challenge: /dates 
[2025-05-02T17:23:14.106Z] [INFO] Requested daily challenge: /dates 
[2025-05-02T17:23:21.721Z] [INFO] Requested daily challenge: /dates 
[2025-05-02T17:23:21.728Z] [INFO] Requested daily challenge: /dates 
[2025-05-02T17:23:26.895Z] [INFO] Requested daily challenge: /dates 
[2025-05-02T17:23:26.898Z] [INFO] Requested daily challenge: /dates 
[2025-05-02T17:23:28.213Z] [INFO] Requested daily challenge: /date/2025-04-17 
[2025-05-02T17:23:28.216Z] [INFO] Requested daily challenge: /date/2025-04-17 
[2025-05-02T17:23:28.219Z] [INFO] Requested daily challenge: /date/2025-04-17 
[2025-05-02T17:23:28.220Z] [INFO] Requested daily challenge: /date/2025-04-17 
[2025-05-02T17:23:29.385Z] [INFO] Requested daily challenge: /date/2025-04-17 
[2025-05-02T17:23:29.387Z] [INFO] Requested daily challenge: /date/2025-04-17 
[2025-05-02T17:23:29.388Z] [INFO] Requested daily challenge: /date/2025-04-17 
[2025-05-02T17:23:29.389Z] [INFO] Requested daily challenge: /date/2025-04-17 
[2025-05-02T17:23:31.120Z] [INFO] Requested daily challenge: /dates 
[2025-05-02T17:23:31.129Z] [INFO] Requested daily challenge: /dates 
[2025-05-02T17:23:32.153Z] [INFO] Requested daily challenge: /date/2025-04-19 
[2025-05-02T17:23:32.154Z] [INFO] Requested daily challenge: /date/2025-04-19 
[2025-05-02T17:23:32.156Z] [INFO] Requested daily challenge: /date/2025-04-19 
[2025-05-02T17:23:32.157Z] [INFO] Requested daily challenge: /date/2025-04-19 
[2025-05-02T17:23:33.342Z] [INFO] Requested daily challenge: /date/2025-04-19 
[2025-05-02T17:23:33.345Z] [INFO] Requested daily challenge: /date/2025-04-19 
[2025-05-02T17:23:33.347Z] [INFO] Requested daily challenge: /date/2025-04-19 
[2025-05-02T17:23:33.349Z] [INFO] Requested daily challenge: /date/2025-04-19 
[2025-05-02T17:23:41.072Z] [INFO] Requested daily challenge: /submit 
[2025-05-02T17:23:41.074Z] [INFO] [Submit Received Validated] IP: 127.0.0.1, UA: "Mozilla/5.0 (Macintosh; Intel Mac OS X 10_15_7) AppleWebKit/537.36 (KHTML, like Gecko) Chrome/135.0.0.0 Safari/537.36", Score: 703, Date: 2025-04-19 
[2025-05-02T17:23:41.075Z] [INFO] [Submit] Processing for specific date 2025-04-19 (UTC) 
[2025-05-02T17:23:41.080Z] [INFO] [Submit] Today (America/New_York): 2025-05-02, Challenge Date: 2025-04-19, Is Past: true 
[2025-05-02T17:23:41.089Z] [INFO] Requested daily challenge: /stats?date=2025-04-19 
[2025-05-02T17:23:41.211Z] [INFO] [Submit Past Date] Only incremented completions for challenge ID: 6802e2c525173186e6d230f3. Preparing to return existing stats. 
[2025-05-02T17:23:41.212Z] [INFO] [Submit Response] Sending response for IP: 127.0.0.1, Score: 703, Date: 2025-04-19 
[2025-05-02T17:25:32.952Z] [INFO] Requested daily challenge: /dates 
[2025-05-02T17:25:32.961Z] [INFO] Requested daily challenge: /dates 
[2025-05-02T17:25:35.456Z] [INFO] Requested daily challenge: /date/2025-05-02 
[2025-05-02T17:25:35.464Z] [INFO] Requested daily challenge: /date/2025-05-02 
[2025-05-02T17:25:35.496Z] [INFO] Requested daily challenge: /date/2025-05-02 
[2025-05-02T17:25:35.616Z] [INFO] Requested daily challenge: /date/2025-05-02 
[2025-05-02T17:25:44.506Z] [INFO] Requested daily challenge: /submit 
[2025-05-02T17:25:44.510Z] [INFO] [Submit Received Validated] IP: 127.0.0.1, UA: "Mozilla/5.0 (Macintosh; Intel Mac OS X 10_15_7) AppleWebKit/537.36 (KHTML, like Gecko) Chrome/135.0.0.0 Safari/537.36", Score: 2487, Date: 2025-05-02 
[2025-05-02T17:25:44.511Z] [INFO] [Submit] Processing for specific date 2025-05-02 (UTC) 
[2025-05-02T17:25:44.529Z] [INFO] [Submit] Today (America/New_York): 2025-05-02, Challenge Date: 2025-05-02, Is Past: false 
[2025-05-02T17:25:44.745Z] [INFO] [Submit Current Date] Processing full stats update for challenge ID: 68143d69aa3edc433e7d75b2 on date 2025-05-02. 
[2025-05-02T17:25:44.747Z] [INFO] [Submit DB Update] Incrementing count for existing score 2487 on challenge 68143d69aa3edc433e7d75b2 
[2025-05-02T17:25:44.844Z] [INFO] [Submit Calc] Recalculating average score. Completions: 3628, Distributions Count: 1845 
[2025-05-02T17:25:44.880Z] [INFO] [Submit DB Update] Saved updated average score (3691.994487320838) for challenge 68143d69aa3edc433e7d75b2. No distribution recalculation needed. 
[2025-05-02T17:25:44.880Z] [INFO] [Submit Response] Sending response for IP: 127.0.0.1, Score: 2487, Date: 2025-05-02 
[2025-05-02T17:25:54.580Z] [INFO] Requested daily challenge: /dates 
[2025-05-02T17:25:54.589Z] [INFO] Requested daily challenge: /dates 
[2025-05-02T17:25:55.487Z] [INFO] Requested daily challenge: /stats?date=2025-05-01 
[2025-05-02T17:25:55.488Z] [INFO] Requested daily challenge: /stats?date=2025-05-01 
[2025-05-02T17:25:55.490Z] [INFO] Requested daily challenge: /date/2025-05-01 
[2025-05-02T17:25:55.490Z] [INFO] Requested daily challenge: /date/2025-05-01 
[2025-05-02T17:25:55.491Z] [INFO] Requested daily challenge: /date/2025-05-01 
[2025-05-02T17:25:55.493Z] [INFO] Requested daily challenge: /date/2025-05-01 
[2025-05-02T17:25:55.603Z] [INFO] Requested daily challenge: /stats?date=2025-05-01 
[2025-05-02T17:25:55.608Z] [INFO] Requested daily challenge: /stats?date=2025-05-01 
[2025-05-02T17:26:01.372Z] [INFO] Requested daily challenge: /date/2025-05-01 
[2025-05-02T17:26:01.381Z] [INFO] Requested daily challenge: /date/2025-05-01 
[2025-05-02T17:26:01.389Z] [INFO] Requested daily challenge: /date/2025-05-01 
[2025-05-02T17:26:01.405Z] [INFO] Requested daily challenge: /date/2025-05-01 
[2025-05-02T17:26:01.417Z] [INFO] Requested daily challenge: /stats?date=2025-05-01 
[2025-05-02T17:26:01.545Z] [INFO] Requested daily challenge: /stats?date=2025-05-01 
[2025-05-02T17:26:01.557Z] [INFO] Requested daily challenge: /stats?date=2025-05-01 
[2025-05-02T17:26:01.560Z] [INFO] Requested daily challenge: /stats?date=2025-05-01 
[2025-05-02T17:26:01.562Z] [INFO] Requested daily challenge: /stats?date=2025-05-01 
[2025-05-02T17:26:01.565Z] [INFO] Requested daily challenge: /stats?date=2025-05-01 
[2025-05-02T17:26:20.258Z] [INFO] Requested daily challenge: /dates 
[2025-05-02T17:26:20.264Z] [INFO] Requested daily challenge: /dates 
[2025-05-02T17:26:21.219Z] [INFO] Requested daily challenge: /date/2025-05-02 
[2025-05-02T17:26:21.251Z] [INFO] Requested daily challenge: /date/2025-05-02 
[2025-05-02T17:26:21.252Z] [INFO] Requested daily challenge: /date/2025-05-02 
[2025-05-02T17:26:21.253Z] [INFO] Requested daily challenge: /stats?date=2025-05-02 
[2025-05-02T17:26:21.254Z] [INFO] Requested daily challenge: /stats?date=2025-05-02 
[2025-05-02T17:26:21.254Z] [INFO] Requested daily challenge: /date/2025-05-02 
[2025-05-02T17:26:21.361Z] [INFO] Requested daily challenge: /stats?date=2025-05-02 
[2025-05-02T17:26:28.636Z] [INFO] Requested daily challenge: /date/2025-05-02 
[2025-05-02T17:26:28.641Z] [INFO] Requested daily challenge: /date/2025-05-02 
[2025-05-02T17:26:28.645Z] [INFO] Requested daily challenge: /date/2025-05-02 
[2025-05-02T17:26:28.649Z] [INFO] Requested daily challenge: /stats?date=2025-05-02 
[2025-05-02T17:26:28.660Z] [INFO] Requested daily challenge: /stats?date=2025-05-02 
[2025-05-02T17:26:28.814Z] [INFO] Requested daily challenge: /date/2025-05-02 
[2025-05-02T17:26:28.818Z] [INFO] Requested daily challenge: /stats?date=2025-05-02 
[2025-05-02T17:26:28.822Z] [INFO] Requested daily challenge: /stats?date=2025-05-02 
[2025-05-02T17:26:28.858Z] [INFO] Requested daily challenge: /stats?date=2025-05-02 
[2025-05-02T17:26:30.973Z] [INFO] Requested daily challenge: /dates 
[2025-05-02T17:26:30.982Z] [INFO] Requested daily challenge: /dates 
[2025-05-02T17:26:33.142Z] [INFO] Requested daily challenge: /date/2025-04-24 
[2025-05-02T17:26:33.144Z] [INFO] Requested daily challenge: /date/2025-04-24 
[2025-05-02T17:26:33.145Z] [INFO] Requested daily challenge: /stats?date=2025-04-24 
[2025-05-02T17:26:33.146Z] [INFO] Requested daily challenge: /stats?date=2025-04-24 
[2025-05-02T17:26:33.163Z] [INFO] Requested daily challenge: /date/2025-04-24 
[2025-05-02T17:26:33.164Z] [INFO] Requested daily challenge: /date/2025-04-24 
[2025-05-02T17:26:51.414Z] [INFO] Requested daily challenge: /dates 
[2025-05-02T17:26:51.419Z] [INFO] Requested daily challenge: /dates 
[2025-05-02T17:26:52.325Z] [INFO] Requested daily challenge: /date/2025-04-25 
[2025-05-02T17:26:52.344Z] [INFO] Requested daily challenge: /date/2025-04-25 
[2025-05-02T17:26:52.345Z] [INFO] Requested daily challenge: /date/2025-04-25 
[2025-05-02T17:26:52.346Z] [INFO] Requested daily challenge: /date/2025-04-25 
[2025-05-02T17:27:00.311Z] [INFO] Requested daily challenge: /submit 
[2025-05-02T17:27:00.313Z] [INFO] [Submit Received Validated] IP: 127.0.0.1, UA: "Mozilla/5.0 (Macintosh; Intel Mac OS X 10_15_7) AppleWebKit/537.36 (KHTML, like Gecko) Chrome/135.0.0.0 Safari/537.36", Score: 1662, Date: 2025-04-25 
[2025-05-02T17:27:00.313Z] [INFO] [Submit] Processing for specific date 2025-04-25 (UTC) 
[2025-05-02T17:27:00.319Z] [INFO] [Submit] Today (America/New_York): 2025-05-02, Challenge Date: 2025-04-25, Is Past: true 
[2025-05-02T17:27:00.331Z] [INFO] Requested daily challenge: /stats?date=2025-04-25 
[2025-05-02T17:27:00.486Z] [INFO] [Submit Past Date] Only incremented completions for challenge ID: 6809ce39f9fab87992fdb413. Preparing to return existing stats. 
[2025-05-02T17:27:00.486Z] [INFO] [Submit Response] Sending response for IP: 127.0.0.1, Score: 1662, Date: 2025-04-25 
[2025-05-02T17:27:03.396Z] [INFO] Requested daily challenge: /date/2025-04-25 
[2025-05-02T17:27:03.427Z] [INFO] Requested daily challenge: /date/2025-04-25 
[2025-05-02T17:27:03.438Z] [INFO] Requested daily challenge: /date/2025-04-25 
[2025-05-02T17:27:03.445Z] [INFO] Requested daily challenge: /date/2025-04-25 
[2025-05-02T17:27:03.446Z] [INFO] Requested daily challenge: /stats?date=2025-04-25 
[2025-05-02T17:27:03.494Z] [INFO] Requested daily challenge: /stats?date=2025-04-25 
[2025-05-02T17:27:03.566Z] [INFO] Requested daily challenge: /stats?date=2025-04-25 
[2025-05-02T17:27:03.569Z] [INFO] Requested daily challenge: /stats?date=2025-04-25 
[2025-05-02T17:27:03.571Z] [INFO] Requested daily challenge: /stats?date=2025-04-25 
[2025-05-02T17:27:03.575Z] [INFO] Requested daily challenge: /stats?date=2025-04-25 
[2025-05-02T17:30:49.110Z] [INFO] Requested daily challenge: /dates 
[2025-05-02T17:30:49.129Z] [INFO] Requested daily challenge: /dates 
[2025-05-02T17:30:50.293Z] [INFO] Requested daily challenge: /date/2025-04-23 
[2025-05-02T17:30:50.296Z] [INFO] Requested daily challenge: /date/2025-04-23 
[2025-05-02T17:30:50.305Z] [INFO] Requested daily challenge: /date/2025-04-23 
[2025-05-02T17:30:50.306Z] [INFO] Requested daily challenge: /date/2025-04-23 
[2025-05-02T17:30:52.502Z] [INFO] Requested daily challenge: /date/2025-04-23 
[2025-05-02T17:30:52.513Z] [INFO] Requested daily challenge: /date/2025-04-23 
[2025-05-02T17:30:52.520Z] [INFO] Requested daily challenge: /date/2025-04-23 
[2025-05-02T17:30:52.525Z] [INFO] Requested daily challenge: /date/2025-04-23 
[2025-05-02T17:31:52.700Z] [INFO] Requested daily challenge: /date/2025-04-23 
[2025-05-02T17:31:52.732Z] [INFO] Requested daily challenge: /date/2025-04-23 
[2025-05-02T17:31:52.736Z] [INFO] Requested daily challenge: /date/2025-04-23 
[2025-05-02T17:31:52.749Z] [INFO] Requested daily challenge: /date/2025-04-23 
[2025-05-02T17:32:09.531Z] [INFO] Requested daily challenge: /submit 
[2025-05-02T17:32:09.542Z] [INFO] [Submit Received Validated] IP: 127.0.0.1, UA: "Mozilla/5.0 (Macintosh; Intel Mac OS X 10_15_7) AppleWebKit/537.36 (KHTML, like Gecko) Chrome/135.0.0.0 Safari/537.36", Score: 2089, Date: 2025-04-23 
[2025-05-02T17:32:09.542Z] [INFO] [Submit] Processing for specific date 2025-04-23 (UTC) 
[2025-05-02T17:32:09.547Z] [INFO] [Submit] Today (America/New_York): 2025-05-02, Challenge Date: 2025-04-23, Is Past: true 
[2025-05-02T17:32:09.571Z] [INFO] Requested daily challenge: /stats?date=2025-04-23 
[2025-05-02T17:32:09.692Z] [INFO] [Submit Past Date] Only incremented completions for challenge ID: 6807ec6ff9fab87992acdfce. Preparing to return existing stats. 
[2025-05-02T17:32:09.692Z] [INFO] [Submit Response] Sending response for IP: 127.0.0.1, Score: 2089, Date: 2025-04-23 
[2025-05-02T17:32:12.673Z] [INFO] Requested daily challenge: /date/2025-04-23 
[2025-05-02T17:32:12.682Z] [INFO] Requested daily challenge: /date/2025-04-23 
[2025-05-02T17:32:12.693Z] [INFO] Requested daily challenge: /stats?date=2025-04-23 
[2025-05-02T17:32:12.705Z] [INFO] Requested daily challenge: /date/2025-04-23 
[2025-05-02T17:32:12.706Z] [INFO] Requested daily challenge: /date/2025-04-23 
[2025-05-02T17:32:12.731Z] [INFO] Requested daily challenge: /stats?date=2025-04-23 
[2025-05-02T17:32:12.926Z] [INFO] Requested daily challenge: /stats?date=2025-04-23 
[2025-05-02T17:32:12.927Z] [INFO] Requested daily challenge: /stats?date=2025-04-23 
[2025-05-02T18:56:07.491Z] [INFO] Requested daily challenge: /date/2025-04-23 
[2025-05-02T18:56:07.598Z] [INFO] Requested daily challenge: /date/2025-04-23 
[2025-05-02T18:56:07.608Z] [INFO] Requested daily challenge: /date/2025-04-23 
[2025-05-02T18:56:07.644Z] [INFO] Requested daily challenge: /date/2025-04-23 
[2025-05-02T18:56:07.648Z] [INFO] Requested daily challenge: /date/2025-04-23 
[2025-05-02T18:56:07.649Z] [INFO] Requested daily challenge: /date/2025-04-23 
[2025-05-02T18:56:07.814Z] [INFO] Requested daily challenge: /date/2025-04-23 
[2025-05-02T18:56:07.817Z] [INFO] Requested daily challenge: /date/2025-04-23 
[2025-05-02T18:56:07.824Z] [INFO] Requested daily challenge: /stats?date=2025-04-23 
[2025-05-02T18:56:07.827Z] [INFO] Requested daily challenge: /date/2025-04-23 
[2025-05-02T18:56:07.828Z] [INFO] Requested daily challenge: /date/2025-04-23 
[2025-05-02T18:56:07.829Z] [INFO] Requested daily challenge: /date/2025-04-23 
[2025-05-02T18:56:07.981Z] [INFO] Requested daily challenge: /stats?date=2025-04-23 
[2025-05-02T18:56:07.984Z] [INFO] Requested daily challenge: /date/2025-04-23 
[2025-05-02T18:56:07.986Z] [INFO] Requested daily challenge: /stats?date=2025-04-23 
[2025-05-02T18:56:07.989Z] [INFO] Requested daily challenge: /date/2025-04-23 
[2025-05-02T18:56:08.014Z] [INFO] Requested daily challenge: /stats?date=2025-04-23 
[2025-05-02T18:56:08.084Z] [INFO] Requested daily challenge: /date/2025-04-23 
[2025-05-02T18:56:08.105Z] [INFO] Requested daily challenge: /stats?date=2025-04-23 
[2025-05-02T18:56:08.108Z] [INFO] Requested daily challenge: /date/2025-04-23 
[2025-05-02T18:56:08.126Z] [INFO] Requested daily challenge: /stats?date=2025-04-23 
[2025-05-02T18:56:08.135Z] [INFO] Requested daily challenge: /date/2025-04-23 
[2025-05-02T18:56:08.155Z] [INFO] Requested daily challenge: /stats?date=2025-04-23 
[2025-05-02T18:56:08.225Z] [INFO] Requested daily challenge: /stats?date=2025-04-23 
[2025-05-02T18:56:08.229Z] [INFO] Requested daily challenge: /stats?date=2025-04-23 
[2025-05-02T18:56:08.231Z] [INFO] Requested daily challenge: /stats?date=2025-04-23 
[2025-05-02T18:56:08.232Z] [INFO] Requested daily challenge: /stats?date=2025-04-23 
[2025-05-02T18:56:08.233Z] [INFO] Requested daily challenge: /stats?date=2025-04-23 
[2025-05-02T18:56:10.473Z] [INFO] Requested daily challenge: /date/2025-04-23 
[2025-05-02T18:56:10.476Z] [INFO] Requested daily challenge: /date/2025-04-23 
[2025-05-02T18:56:10.477Z] [INFO] Requested daily challenge: /date/2025-04-23 
[2025-05-02T18:56:10.478Z] [INFO] Requested daily challenge: /date/2025-04-23 
[2025-05-02T18:56:10.480Z] [INFO] Requested daily challenge: /date/2025-04-23 
[2025-05-02T18:56:10.507Z] [INFO] Requested daily challenge: /date/2025-04-23 
[2025-05-02T18:56:10.585Z] [INFO] Requested daily challenge: /date/2025-04-23 
[2025-05-02T18:56:10.590Z] [INFO] Requested daily challenge: /date/2025-04-23 
[2025-05-02T18:56:10.595Z] [INFO] Requested daily challenge: /stats?date=2025-04-23 
[2025-05-02T18:56:10.598Z] [INFO] Requested daily challenge: /date/2025-04-23 
[2025-05-02T18:56:10.601Z] [INFO] Requested daily challenge: /date/2025-04-23 
[2025-05-02T18:56:10.606Z] [INFO] Requested daily challenge: /date/2025-04-23 
[2025-05-02T18:56:10.621Z] [INFO] Requested daily challenge: /stats?date=2025-04-23 
[2025-05-02T18:56:10.685Z] [INFO] Requested daily challenge: /date/2025-04-23 
[2025-05-02T18:56:10.687Z] [INFO] Requested daily challenge: /stats?date=2025-04-23 
[2025-05-02T18:56:10.688Z] [INFO] Requested daily challenge: /date/2025-04-23 
[2025-05-02T18:56:10.692Z] [INFO] Requested daily challenge: /stats?date=2025-04-23 
[2025-05-02T18:56:10.699Z] [INFO] Requested daily challenge: /date/2025-04-23 
[2025-05-02T18:56:10.701Z] [INFO] Requested daily challenge: /stats?date=2025-04-23 
[2025-05-02T18:56:10.753Z] [INFO] Requested daily challenge: /stats?date=2025-04-23 
[2025-05-02T18:56:10.755Z] [INFO] Requested daily challenge: /stats?date=2025-04-23 
[2025-05-02T18:56:10.757Z] [INFO] Requested daily challenge: /stats?date=2025-04-23 
[2025-05-02T18:56:10.758Z] [INFO] Requested daily challenge: /stats?date=2025-04-23 
[2025-05-02T18:56:10.760Z] [INFO] Requested daily challenge: /stats?date=2025-04-23 
[2025-05-02T18:56:12.037Z] [INFO] Requested daily challenge: /dates 
[2025-05-02T18:56:12.046Z] [INFO] Requested daily challenge: /dates 
[2025-05-02T18:56:14.553Z] [INFO] Requested daily challenge: /date/2025-05-02 
[2025-05-02T18:56:14.559Z] [INFO] Requested daily challenge: /date/2025-05-02 
[2025-05-02T18:56:14.569Z] [INFO] Requested daily challenge: /date/2025-05-02 
[2025-05-02T18:56:14.571Z] [INFO] Requested daily challenge: /date/2025-05-02 
[2025-05-02T18:56:17.743Z] [INFO] Requested daily challenge: /dates 
[2025-05-02T18:56:17.806Z] [INFO] Requested daily challenge: /dates 
[2025-05-02T18:56:18.738Z] [INFO] Requested daily challenge: /date/2025-05-01 
[2025-05-02T18:56:18.739Z] [INFO] Requested daily challenge: /date/2025-05-01 
[2025-05-02T18:56:18.740Z] [INFO] Requested daily challenge: /date/2025-05-01 
[2025-05-02T18:56:18.742Z] [INFO] Requested daily challenge: /date/2025-05-01 
[2025-05-02T18:56:19.483Z] [INFO] Requested daily challenge: /dates 
[2025-05-02T18:56:19.486Z] [INFO] Requested daily challenge: /dates 
[2025-05-02T18:56:20.274Z] [INFO] Requested daily challenge: /date/2025-05-02 
[2025-05-02T18:56:20.280Z] [INFO] Requested daily challenge: /date/2025-05-02 
[2025-05-02T18:56:20.282Z] [INFO] Requested daily challenge: /date/2025-05-02 
[2025-05-02T18:56:20.283Z] [INFO] Requested daily challenge: /date/2025-05-02 
[2025-05-02T18:56:21.078Z] [INFO] Requested daily challenge: /dates 
[2025-05-02T18:56:21.079Z] [INFO] Requested daily challenge: /dates 
[2025-05-02T18:56:21.725Z] [INFO] Requested daily challenge: /date/2025-05-01 
[2025-05-02T18:56:21.727Z] [INFO] Requested daily challenge: /date/2025-05-01 
[2025-05-02T18:56:21.728Z] [INFO] Requested daily challenge: /date/2025-05-01 
[2025-05-02T18:56:21.728Z] [INFO] Requested daily challenge: /date/2025-05-01 
[2025-05-02T18:56:32.090Z] [INFO] Requested daily challenge: /submit 
[2025-05-02T18:56:32.093Z] [INFO] [Submit Received Validated] IP: 127.0.0.1, UA: "Mozilla/5.0 (Macintosh; Intel Mac OS X 10_15_7) AppleWebKit/537.36 (KHTML, like Gecko) Chrome/135.0.0.0 Safari/537.36", Score: 1681, Date: 2025-05-01 
[2025-05-02T18:56:32.094Z] [INFO] [Submit] Processing for specific date 2025-05-01 (UTC) 
[2025-05-02T18:56:32.102Z] [INFO] [Submit] Today (America/New_York): 2025-05-02, Challenge Date: 2025-05-01, Is Past: true 
[2025-05-02T18:56:32.120Z] [INFO] Requested daily challenge: /stats?date=2025-05-01 
[2025-05-02T18:56:32.245Z] [INFO] [Submit Past Date] Only incremented completions for challenge ID: 6811a23af22b7769eb22ae0d. Preparing to return existing stats. 
[2025-05-02T18:56:32.245Z] [INFO] [Submit Response] Sending response for IP: 127.0.0.1, Score: 1681, Date: 2025-05-01 
[2025-05-02T18:56:36.691Z] [INFO] Requested daily challenge: /date/2025-05-01 
[2025-05-02T18:56:36.700Z] [INFO] Requested daily challenge: /date/2025-05-01 
[2025-05-02T18:56:36.704Z] [INFO] Requested daily challenge: /date/2025-05-01 
[2025-05-02T18:56:36.707Z] [INFO] Requested daily challenge: /date/2025-05-01 
[2025-05-02T18:56:36.712Z] [INFO] Requested daily challenge: /date/2025-05-01 
[2025-05-02T18:56:36.744Z] [INFO] Requested daily challenge: /date/2025-05-01 
[2025-05-02T18:56:36.867Z] [INFO] Requested daily challenge: /date/2025-05-01 
[2025-05-02T18:56:36.868Z] [INFO] Requested daily challenge: /date/2025-05-01 
[2025-05-02T18:56:36.869Z] [INFO] Requested daily challenge: /stats?date=2025-05-01 
[2025-05-02T18:56:36.870Z] [INFO] Requested daily challenge: /date/2025-05-01 
[2025-05-02T18:56:36.890Z] [INFO] Requested daily challenge: /date/2025-05-01 
[2025-05-02T18:56:37.014Z] [INFO] Requested daily challenge: /date/2025-05-01 
[2025-05-02T18:56:37.018Z] [INFO] Requested daily challenge: /stats?date=2025-05-01 
[2025-05-02T18:56:37.022Z] [INFO] Requested daily challenge: /date/2025-05-01 
[2025-05-02T18:56:37.027Z] [INFO] Requested daily challenge: /stats?date=2025-05-01 
[2025-05-02T18:56:37.028Z] [INFO] Requested daily challenge: /date/2025-05-01 
[2025-05-02T18:56:37.028Z] [INFO] Requested daily challenge: /stats?date=2025-05-01 
[2025-05-02T18:56:37.112Z] [INFO] Requested daily challenge: /stats?date=2025-05-01 
[2025-05-02T18:56:37.120Z] [INFO] Requested daily challenge: /stats?date=2025-05-01 
[2025-05-02T18:56:37.122Z] [INFO] Requested daily challenge: /stats?date=2025-05-01 
[2025-05-02T18:56:37.123Z] [INFO] Requested daily challenge: /stats?date=2025-05-01 
[2025-05-02T18:56:37.124Z] [INFO] Requested daily challenge: /stats?date=2025-05-01 
[2025-05-02T18:56:40.547Z] [INFO] Requested daily challenge: /date/2025-05-01 
[2025-05-02T18:56:40.567Z] [INFO] Requested daily challenge: /date/2025-05-01 
[2025-05-02T18:56:40.572Z] [INFO] Requested daily challenge: /date/2025-05-01 
[2025-05-02T18:56:40.576Z] [INFO] Requested daily challenge: /date/2025-05-01 
[2025-05-02T18:56:40.577Z] [INFO] Requested daily challenge: /date/2025-05-01 
[2025-05-02T18:56:40.701Z] [INFO] Requested daily challenge: /date/2025-05-01 
[2025-05-02T18:56:40.741Z] [INFO] Requested daily challenge: /date/2025-05-01 
[2025-05-02T18:56:40.752Z] [INFO] Requested daily challenge: /date/2025-05-01 
[2025-05-02T18:56:40.754Z] [INFO] Requested daily challenge: /date/2025-05-01 
[2025-05-02T18:56:40.761Z] [INFO] Requested daily challenge: /stats?date=2025-05-01 
[2025-05-02T18:56:40.763Z] [INFO] Requested daily challenge: /date/2025-05-01 
[2025-05-02T18:56:40.883Z] [INFO] Requested daily challenge: /stats?date=2025-05-01 
[2025-05-02T18:56:40.886Z] [INFO] Requested daily challenge: /date/2025-05-01 
[2025-05-02T18:56:40.887Z] [INFO] Requested daily challenge: /stats?date=2025-05-01 
[2025-05-02T18:56:40.888Z] [INFO] Requested daily challenge: /date/2025-05-01 
[2025-05-02T18:56:40.889Z] [INFO] Requested daily challenge: /stats?date=2025-05-01 
[2025-05-02T18:56:40.889Z] [INFO] Requested daily challenge: /date/2025-05-01 
[2025-05-02T18:56:40.966Z] [INFO] Requested daily challenge: /stats?date=2025-05-01 
[2025-05-02T18:56:40.969Z] [INFO] Requested daily challenge: /date/2025-05-01 
[2025-05-02T18:56:40.974Z] [INFO] Requested daily challenge: /stats?date=2025-05-01 
[2025-05-02T18:56:40.976Z] [INFO] Requested daily challenge: /stats?date=2025-05-01 
[2025-05-02T18:56:40.977Z] [INFO] Requested daily challenge: /stats?date=2025-05-01 
[2025-05-02T18:56:40.978Z] [INFO] Requested daily challenge: /stats?date=2025-05-01 
[2025-05-02T18:56:41.117Z] [INFO] Requested daily challenge: /stats?date=2025-05-01 
[2025-05-02T18:56:42.819Z] [INFO] Requested daily challenge: /dates 
[2025-05-02T18:56:42.824Z] [INFO] Requested daily challenge: /dates 
[2025-05-02T18:56:47.499Z] [INFO] Requested daily challenge: /dates 
[2025-05-02T18:56:47.503Z] [INFO] Requested daily challenge: /dates 
[2025-05-02T18:56:49.847Z] [INFO] Requested daily challenge: /date/2025-04-24 
[2025-05-02T18:56:49.849Z] [INFO] Requested daily challenge: /date/2025-04-24 
[2025-05-02T18:56:49.850Z] [INFO] Requested daily challenge: /date/2025-04-24 
[2025-05-02T18:56:49.850Z] [INFO] Requested daily challenge: /date/2025-04-24 
[2025-05-02T18:56:52.856Z] [INFO] Requested daily challenge: /dates 
[2025-05-02T18:56:52.858Z] [INFO] Requested daily challenge: /dates 
[2025-05-02T18:56:54.969Z] [INFO] Requested daily challenge: /dates 
[2025-05-02T18:56:54.973Z] [INFO] Requested daily challenge: /dates 
[2025-05-02T18:58:11.063Z] [INFO] Requested daily challenge: /date/2025-04-24 
[2025-05-02T18:58:11.084Z] [INFO] Requested daily challenge: /date/2025-04-24 
[2025-05-02T18:58:11.090Z] [INFO] Requested daily challenge: /date/2025-04-24 
[2025-05-02T18:58:11.094Z] [INFO] Requested daily challenge: /date/2025-04-24 
[2025-05-02T18:58:15.089Z] [INFO] Requested daily challenge: /dates 
[2025-05-02T18:58:15.132Z] [INFO] Requested daily challenge: /dates 
[2025-05-02T18:59:53.408Z] [INFO] Requested daily challenge: /dates 
[2025-05-02T18:59:53.459Z] [INFO] Requested daily challenge: /dates 
[2025-05-02T18:59:54.590Z] [INFO] Requested daily challenge: /date/2025-04-23 
[2025-05-02T18:59:54.659Z] [INFO] Requested daily challenge: /date/2025-04-23 
[2025-05-02T18:59:54.693Z] [INFO] Requested daily challenge: /date/2025-04-23 
[2025-05-02T18:59:54.728Z] [INFO] Requested daily challenge: /date/2025-04-23 
[2025-05-02T18:59:54.733Z] [INFO] Requested daily challenge: /stats?date=2025-04-23 
[2025-05-02T18:59:54.765Z] [INFO] Requested daily challenge: /date/2025-04-23 
[2025-05-02T18:59:54.800Z] [INFO] Requested daily challenge: /date/2025-04-23 
[2025-05-02T18:59:54.850Z] [INFO] Requested daily challenge: /date/2025-04-23 
[2025-05-02T18:59:54.851Z] [INFO] Requested daily challenge: /stats?date=2025-04-23 
[2025-05-02T18:59:54.888Z] [INFO] Requested daily challenge: /date/2025-04-23 
[2025-05-02T18:59:54.889Z] [INFO] Requested daily challenge: /stats?date=2025-04-23 
[2025-05-02T18:59:54.922Z] [INFO] Requested daily challenge: /date/2025-04-23 
[2025-05-02T18:59:54.926Z] [INFO] Requested daily challenge: /stats?date=2025-04-23 
[2025-05-02T18:59:54.967Z] [INFO] Requested daily challenge: /date/2025-04-23 
[2025-05-02T18:59:54.969Z] [INFO] Requested daily challenge: /stats?date=2025-04-23 
[2025-05-02T18:59:55.003Z] [INFO] Requested daily challenge: /stats?date=2025-04-23 
[2025-05-02T19:00:19.714Z] [INFO] Requested daily challenge: /dates 
[2025-05-02T19:00:19.717Z] [INFO] Requested daily challenge: /dates 
[2025-05-02T19:00:22.200Z] [INFO] Requested daily challenge: /date/2025-05-02 
[2025-05-02T19:00:22.204Z] [INFO] Requested daily challenge: /date/2025-05-02 
[2025-05-02T19:00:22.208Z] [INFO] Requested daily challenge: /date/2025-05-02 
[2025-05-02T19:00:22.215Z] [INFO] Requested daily challenge: /date/2025-05-02 
[2025-05-02T19:01:06.454Z] [INFO] Requested daily challenge: /dates 
[2025-05-02T19:01:06.470Z] [INFO] Requested daily challenge: /dates 
[2025-05-02T19:01:07.464Z] [INFO] Requested daily challenge: /date/2025-05-01 
[2025-05-02T19:01:07.469Z] [INFO] Requested daily challenge: /date/2025-05-01 
[2025-05-02T19:01:07.474Z] [INFO] Requested daily challenge: /date/2025-05-01 
[2025-05-02T19:01:07.489Z] [INFO] Requested daily challenge: /date/2025-05-01 
[2025-05-02T19:01:07.490Z] [INFO] Requested daily challenge: /date/2025-05-01 
[2025-05-02T19:01:07.494Z] [INFO] Requested daily challenge: /date/2025-05-01 
[2025-05-02T19:01:07.592Z] [INFO] Requested daily challenge: /date/2025-05-01 
[2025-05-02T19:01:07.595Z] [INFO] Requested daily challenge: /date/2025-05-01 
[2025-05-02T19:01:07.600Z] [INFO] Requested daily challenge: /date/2025-05-01 
[2025-05-02T19:01:07.602Z] [INFO] Requested daily challenge: /stats?date=2025-05-01 
[2025-05-02T19:01:07.602Z] [INFO] Requested daily challenge: /date/2025-05-01 
[2025-05-02T19:01:07.607Z] [INFO] Requested daily challenge: /date/2025-05-01 
[2025-05-02T19:01:07.669Z] [INFO] Requested daily challenge: /stats?date=2025-05-01 
[2025-05-02T19:01:07.679Z] [INFO] Requested daily challenge: /date/2025-05-01 
[2025-05-02T19:01:07.683Z] [INFO] Requested daily challenge: /stats?date=2025-05-01 
[2025-05-02T19:01:07.686Z] [INFO] Requested daily challenge: /date/2025-05-01 
[2025-05-02T19:01:07.686Z] [INFO] Requested daily challenge: /stats?date=2025-05-01 
[2025-05-02T19:01:07.688Z] [INFO] Requested daily challenge: /date/2025-05-01 
[2025-05-02T19:01:07.762Z] [INFO] Requested daily challenge: /stats?date=2025-05-01 
[2025-05-02T19:01:07.768Z] [INFO] Requested daily challenge: /date/2025-05-01 
[2025-05-02T19:01:07.769Z] [INFO] Requested daily challenge: /stats?date=2025-05-01 
[2025-05-02T19:01:07.770Z] [INFO] Requested daily challenge: /stats?date=2025-05-01 
[2025-05-02T19:01:07.770Z] [INFO] Requested daily challenge: /stats?date=2025-05-01 
[2025-05-02T19:01:07.771Z] [INFO] Requested daily challenge: /stats?date=2025-05-01 
[2025-05-02T19:01:07.826Z] [INFO] Requested daily challenge: /stats?date=2025-05-01 
[2025-05-02T19:01:07.828Z] [INFO] Requested daily challenge: /stats?date=2025-05-01 
[2025-05-02T19:04:45.664Z] [INFO] Requested daily challenge: /dates 
[2025-05-02T19:04:45.678Z] [INFO] Requested daily challenge: /dates 
[2025-05-02T19:05:02.484Z] [INFO] Requested daily challenge: /date/2025-05-01 
[2025-05-02T19:05:02.503Z] [INFO] Requested daily challenge: /date/2025-05-01 
[2025-05-02T19:05:02.512Z] [INFO] Requested daily challenge: /date/2025-05-01 
[2025-05-02T19:05:02.514Z] [INFO] Requested daily challenge: /date/2025-05-01 
[2025-05-02T19:05:02.515Z] [INFO] Requested daily challenge: /date/2025-05-01 
[2025-05-02T19:05:02.516Z] [INFO] Requested daily challenge: /date/2025-05-01 
[2025-05-02T19:05:02.668Z] [INFO] Requested daily challenge: /date/2025-05-01 
[2025-05-02T19:05:02.670Z] [INFO] Requested daily challenge: /date/2025-05-01 
[2025-05-02T19:05:02.672Z] [INFO] Requested daily challenge: /date/2025-05-01 
[2025-05-02T19:05:02.678Z] [INFO] Requested daily challenge: /date/2025-05-01 
[2025-05-02T19:05:02.681Z] [INFO] Requested daily challenge: /date/2025-05-01 
[2025-05-02T19:05:02.683Z] [INFO] Requested daily challenge: /stats?date=2025-05-01 
[2025-05-02T19:05:02.777Z] [INFO] Requested daily challenge: /stats?date=2025-05-01 
[2025-05-02T19:05:02.779Z] [INFO] Requested daily challenge: /date/2025-05-01 
[2025-05-02T19:05:02.781Z] [INFO] Requested daily challenge: /stats?date=2025-05-01 
[2025-05-02T19:05:02.782Z] [INFO] Requested daily challenge: /date/2025-05-01 
[2025-05-02T19:05:02.787Z] [INFO] Requested daily challenge: /stats?date=2025-05-01 
[2025-05-02T19:05:02.801Z] [INFO] Requested daily challenge: /date/2025-05-01 
[2025-05-02T19:05:02.857Z] [INFO] Requested daily challenge: /stats?date=2025-05-01 
[2025-05-02T19:05:02.859Z] [INFO] Requested daily challenge: /date/2025-05-01 
[2025-05-02T19:05:02.860Z] [INFO] Requested daily challenge: /stats?date=2025-05-01 
[2025-05-02T19:05:02.860Z] [INFO] Requested daily challenge: /date/2025-05-01 
[2025-05-02T19:05:02.863Z] [INFO] Requested daily challenge: /stats?date=2025-05-01 
[2025-05-02T19:05:02.864Z] [INFO] Requested daily challenge: /date/2025-05-01 
[2025-05-02T19:05:02.929Z] [INFO] Requested daily challenge: /stats?date=2025-05-01 
[2025-05-02T19:05:02.930Z] [INFO] Requested daily challenge: /stats?date=2025-05-01 
[2025-05-02T19:05:02.932Z] [INFO] Requested daily challenge: /stats?date=2025-05-01 
[2025-05-02T19:05:02.933Z] [INFO] Requested daily challenge: /stats?date=2025-05-01 
[2025-05-02T19:05:02.934Z] [INFO] Requested daily challenge: /stats?date=2025-05-01 
[2025-05-02T19:05:02.935Z] [INFO] Requested daily challenge: /stats?date=2025-05-01 
[2025-05-02T19:05:03.680Z] [INFO] Requested daily challenge: /dates 
[2025-05-02T19:05:03.682Z] [INFO] Requested daily challenge: /dates 
[2025-05-02T19:05:04.584Z] [INFO] Requested daily challenge: /dates 
[2025-05-02T19:05:04.586Z] [INFO] Requested daily challenge: /dates 
[2025-05-02T20:25:55.152Z] [INFO] Requested daily challenge: /dates 
[2025-05-02T20:25:55.265Z] [INFO] Requested daily challenge: /dates 
[2025-05-02T20:26:12.999Z] [INFO] Requested daily challenge: /date/2025-05-02 
[2025-05-02T20:26:13.081Z] [INFO] Requested daily challenge: /date/2025-05-02 
[2025-05-02T20:26:13.126Z] [INFO] Requested daily challenge: /date/2025-05-02 
[2025-05-02T20:26:13.234Z] [INFO] Requested daily challenge: /date/2025-05-02 
[2025-05-02T20:26:23.713Z] [INFO] Requested daily challenge: /date/2025-05-02 
[2025-05-02T20:26:23.734Z] [INFO] Requested daily challenge: /date/2025-05-02 
[2025-05-02T20:26:23.741Z] [INFO] Requested daily challenge: /date/2025-05-02 
[2025-05-02T20:26:23.745Z] [INFO] Requested daily challenge: /date/2025-05-02 
[2025-05-02T20:26:25.693Z] [INFO] Requested daily challenge: /dates 
[2025-05-02T20:26:25.700Z] [INFO] Requested daily challenge: /dates 
[2025-05-02T20:26:26.718Z] [INFO] Requested daily challenge: /date/2025-05-01 
[2025-05-02T20:26:26.719Z] [INFO] Requested daily challenge: /date/2025-05-01 
[2025-05-02T20:26:26.720Z] [INFO] Requested daily challenge: /date/2025-05-01 
[2025-05-02T20:26:26.733Z] [INFO] Requested daily challenge: /date/2025-05-01 
[2025-05-02T20:26:26.733Z] [INFO] Requested daily challenge: /date/2025-05-01 
[2025-05-02T20:26:26.734Z] [INFO] Requested daily challenge: /date/2025-05-01 
[2025-05-02T20:26:26.836Z] [INFO] Requested daily challenge: /stats?date=2025-05-01 
[2025-05-02T20:26:26.838Z] [INFO] Requested daily challenge: /date/2025-05-01 
[2025-05-02T20:26:26.842Z] [INFO] Requested daily challenge: /date/2025-05-01 
[2025-05-02T20:26:26.853Z] [INFO] Requested daily challenge: /date/2025-05-01 
[2025-05-02T20:26:26.854Z] [INFO] Requested daily challenge: /stats?date=2025-05-01 
[2025-05-02T20:26:26.854Z] [INFO] Requested daily challenge: /date/2025-05-01 
[2025-05-02T20:26:26.921Z] [INFO] Requested daily challenge: /date/2025-05-01 
[2025-05-02T20:26:26.923Z] [INFO] Requested daily challenge: /stats?date=2025-05-01 
[2025-05-02T20:26:26.924Z] [INFO] Requested daily challenge: /stats?date=2025-05-01 
[2025-05-02T20:26:26.925Z] [INFO] Requested daily challenge: /stats?date=2025-05-01 
[2025-05-02T20:26:26.928Z] [INFO] Requested daily challenge: /stats?date=2025-05-01 
[2025-05-02T20:26:27.083Z] [INFO] Requested daily challenge: /stats?date=2025-05-01 
[2025-05-02T20:26:31.223Z] [INFO] Requested daily challenge: /date/2025-05-03 
[2025-05-02T20:26:31.290Z] [INFO] Requested daily challenge: /date/2025-05-03 
[2025-05-02T20:26:31.294Z] [INFO] Requested daily challenge: /date/2025-05-03 
[2025-05-02T20:26:31.296Z] [INFO] Requested daily challenge: /date/2025-05-03 
[2025-05-02T20:26:51.367Z] [INFO] Requested daily challenge: /date/2025-05-02 
[2025-05-02T20:26:51.471Z] [INFO] Requested daily challenge: /date/2025-05-02 
[2025-05-02T20:26:51.511Z] [INFO] Requested daily challenge: /date/2025-05-02 
[2025-05-02T20:26:51.550Z] [INFO] Requested daily challenge: /date/2025-05-02 
[2025-05-02T20:26:55.668Z] [INFO] First challenge images: "[{\"filename\":\"1900.jpeg\",\"title\":\"1900.jpeg\",\"url\":\"https://year-guessing-game-images.s3.us-east-2.amazonaws.com/uploadedFiles-1746208378362-82153492.jpeg\",\"year\":1900,\"source\":\"User Upload\",\"description\":\"\",\"revealedDescription\":\"A group of Afrikaner Commandos during the 2nd Boer War\",\"_id\":\"6815067baa3edc433e7e6726\"},{\"filename\":\"1991 - A man lowers his underwear during a spring break competition in Daytona Beach in April 1991..webp\",\"title\":\"1991 - A man lowers his underwear during a spring break competition in Daytona Beach in April 1991..webp\",\"url\":\"https://year-guessing-game-images.s3.us-east-2.amazonaws.com/uploadedFiles-1746208378658-823462417.webp\",\"year\":1991,\"source\":\"User Upload\",\"description\":\"A man lowers his underwear during a spring break competition\",\"revealedDescription\":\"A man lowers his underwear during a spring break competition in Daytona Beach\",\"_id\":\"6815067baa3edc433e7e6727\"},{\"filename\":\"1947 - Two women on a shopping trip walk across a street in Havana, Cuba.jpg\",\"title\":\"1947 - Two women on a shopping trip walk across a street in Havana, Cuba.jpg\",\"url\":\"https://year-guessing-game-images.s3.us-east-2.amazonaws.com/uploadedFiles-1746208378715-778249741.jpg\",\"year\":1947,\"source\":\"User Upload\",\"description\":\"Two women on a shopping trip\",\"revealedDescription\":\"Two women on a shopping trip in Havana, Cuba\",\"_id\":\"6815067baa3edc433e7e6728\"},{\"filename\":\"1975 - eenage girls dance in their socks under a nightclub disco ball, 1970.webp\",\"title\":\"1975 - eenage girls dance in their socks under a nightclub disco ball, 1970.webp\",\"url\":\"https://year-guessing-game-images.s3.us-east-2.amazonaws.com/uploadedFiles-1746208378739-10806691.webp\",\"year\":1975,\"source\":\"User Upload\",\"description\":\"Dancing under a nightclub disco ball\",\"revealedDescription\":\"Dancing under a nightclub disco ball\",\"_id\":\"6815067baa3edc433e7e6729\"},{\"filename\":\"1892 - Victoria amazonica water lilies can reach 20 feet in circumference and support up to 300 pounds each. Perching children atop the massive leaves was all the rage in water gardens of the time. Salem, North Carolina.jpg\",\"title\":\"1892 - Victoria amazonica water lilies can reach 20 feet in circumference and support up to 300 pounds each. Perching children atop the massive leaves was all the rage in water gardens of the time. Salem, North Carolina.jpg\",\"url\":\"https://year-guessing-game-images.s3.us-east-2.amazonaws.com/uploadedFiles-1746208378863-943788195.jpg\",\"year\":1892,\"source\":\"User Upload\",\"description\":\"Children sit on victoria amazonica water lilies\",\"revealedDescription\":\"Children sit on victoria amazonica water lilies in Salem, North Carolina\",\"_id\":\"6815067baa3edc433e7e672a\"}]"
[2025-05-02T20:35:47.676Z] [INFO] Editing challenge 6815067baa3edc433e7e6725 
[2025-05-02T20:35:47.678Z] [INFO] Received 1 uploaded files 
[2025-05-02T20:35:47.731Z] [INFO] Admin Edit: Updating challenge 6815067baa3edc433e7e6725 date to 2025-05-03T00:00:00.000Z 
[2025-05-02T20:35:47.732Z] [INFO] Processing 5 images for edit 
[2025-05-02T20:35:47.732Z] [INFO] Processing image for edit, type: existing 
[2025-05-02T20:35:47.732Z] [INFO] Keeping existing image: undefined 
[2025-05-02T20:35:47.732Z] [INFO] Processing image for edit, type: existing 
[2025-05-02T20:35:47.732Z] [INFO] Keeping existing image: undefined 
[2025-05-02T20:35:47.732Z] [INFO] Processing image for edit, type: existing 
[2025-05-02T20:35:47.732Z] [INFO] Keeping existing image: undefined 
[2025-05-02T20:35:47.732Z] [INFO] Processing image for edit, type: existing 
[2025-05-02T20:35:47.732Z] [INFO] Keeping existing image: undefined 
[2025-05-02T20:35:47.732Z] [INFO] Processing image for edit, type: upload 
[2025-05-02T20:35:47.732Z] [INFO] Edit: Downloading original for processing: https://year-guessing-game-images.s3.us-east-2.amazonaws.com/uploadedFiles-1746218147205-657868184.jpg 
[2025-05-02T20:35:47.733Z] [INFO] Attempting to download image from: https://year-guessing-game-images.s3.us-east-2.amazonaws.com/uploadedFiles-1746218147205-657868184.jpg 
[2025-05-02T20:35:47.733Z] [INFO] Downloading from S3 with key: uploadedFiles-1746218147205-657868184.jpg 
[2025-05-02T20:35:47.835Z] [INFO] Successfully downloaded from S3: uploadedFiles-1746218147205-657868184.jpg 
[2025-05-02T20:35:47.836Z] [INFO] Edit: Downloaded 508019 bytes for https://year-guessing-game-images.s3.us-east-2.amazonaws.com/uploadedFiles-1746218147205-657868184.jpg 
[2025-05-02T20:35:47.836Z] [INFO] Edit: Processing WebP for base key: uploadedFiles-1746218147205-657868184.jpg 
[2025-05-02T20:35:47.929Z] [INFO] Uploading processed webp image to S3 with key: previews/uploadedFiles-1746218147205-657868184.webp, ContentType: image/webp 
[2025-05-02T20:35:47.957Z] [ERROR] Edit: Failed WebP for uploadedFiles-1746218147205-657868184.jpg: {"name":"AccessControlListNotSupported","$fault":"client","$metadata":{"httpStatusCode":400,"requestId":"6AWB8Y5MRQHJGSNM","extendedRequestId":"LFAIz8TMVg770viRVCg0uJNaTnASE1eHWNi2dl7MS4jTzH8M4gnhjm4FBteYwNhXZFdeSADGhrWL1z+wWQmsewNRVAonnENpcf/g1ZaCUQQ=","attempts":1,"totalRetryDelay":0},"Code":"AccessControlListNotSupported","RequestId":"6AWB8Y5MRQHJGSNM","HostId":"LFAIz8TMVg770viRVCg0uJNaTnASE1eHWNi2dl7MS4jTzH8M4gnhjm4FBteYwNhXZFdeSADGhrWL1z+wWQmsewNRVAonnENpcf/g1ZaCUQQ=","message":"The bucket does not allow ACLs"}
[2025-05-02T20:35:47.958Z] [INFO] Edit: Added new/uploaded image: https://year-guessing-game-images.s3.us-east-2.amazonaws.com/uploadedFiles-1746218147205-657868184.jpg (WebP: false) 
[2025-05-02T20:35:47.958Z] [INFO] Replacing challenge images with 5 updated images 
[2025-05-02T20:35:47.968Z] [ERROR] Error updating challenge: {"errors":{"images.0.originalJpegUrl":{"name":"ValidatorError","message":"Path `originalJpegUrl` is required.","properties":{"message":"Path `originalJpegUrl` is required.","type":"required","path":"originalJpegUrl"},"kind":"required","path":"originalJpegUrl"},"images.1.originalJpegUrl":{"name":"ValidatorError","message":"Path `originalJpegUrl` is required.","properties":{"message":"Path `originalJpegUrl` is required.","type":"required","path":"originalJpegUrl"},"kind":"required","path":"originalJpegUrl"},"images.2.originalJpegUrl":{"name":"ValidatorError","message":"Path `originalJpegUrl` is required.","properties":{"message":"Path `originalJpegUrl` is required.","type":"required","path":"originalJpegUrl"},"kind":"required","path":"originalJpegUrl"},"images.3.originalJpegUrl":{"name":"ValidatorError","message":"Path `originalJpegUrl` is required.","properties":{"message":"Path `originalJpegUrl` is required.","type":"required","path":"originalJpegUrl"},"kind":"required","path":"originalJpegUrl"}},"_message":"DailyChallenge validation failed","name":"ValidationError","message":"DailyChallenge validation failed: images.0.originalJpegUrl: Path `originalJpegUrl` is required., images.1.originalJpegUrl: Path `originalJpegUrl` is required., images.2.originalJpegUrl: Path `originalJpegUrl` is required., images.3.originalJpegUrl: Path `originalJpegUrl` is required."}
[2025-05-02T20:35:48.054Z] [INFO] Cleaned up S3 file: uploadedFiles-1746218147205-657868184.jpg 
[2025-05-02T20:35:59.629Z] [INFO] Requested daily challenge: /date/2025-05-03 
[2025-05-02T20:35:59.651Z] [INFO] Requested daily challenge: /date/2025-05-03 
[2025-05-02T20:35:59.717Z] [INFO] Requested daily challenge: /date/2025-05-03 
[2025-05-02T20:35:59.719Z] [INFO] Requested daily challenge: /date/2025-05-03 
